This is pdfTeX, Version 3.14159265-2.6-1.40.18 (TeX Live 2017/Debian) (preloaded format=pdflatex 2019.10.30)  5 APR 2020 19:25
entering extended mode
 restricted \write18 enabled.
 %&-line parsing enabled.
**lhsm4p.tex
(./lhsm4p.tex
LaTeX2e <2017-04-15>
Babel <3.18> and hyphenation patterns for 84 language(s) loaded.
(/usr/share/texlive/texmf-dist/tex/latex/koma-script/scrbook.cls
Document Class: scrbook 2017/09/07 v3.24 KOMA-Script document class (book)
(/usr/share/texlive/texmf-dist/tex/latex/koma-script/scrkbase.sty
Package: scrkbase 2017/09/07 v3.24 KOMA-Script package (KOMA-Script-dependent b
asics and keyval usage)

(/usr/share/texlive/texmf-dist/tex/latex/koma-script/scrbase.sty
Package: scrbase 2017/09/07 v3.24 KOMA-Script package (KOMA-Script-independent 
basics and keyval usage)

(/usr/share/texlive/texmf-dist/tex/latex/graphics/keyval.sty
Package: keyval 2014/10/28 v1.15 key=value parser (DPC)
\KV@toks@=\toks14
)
(/usr/share/texlive/texmf-dist/tex/latex/koma-script/scrlfile.sty
Package: scrlfile 2017/09/07 v3.24 KOMA-Script package (loading files)
)))
(/usr/share/texlive/texmf-dist/tex/latex/koma-script/tocbasic.sty
Package: tocbasic 2017/09/07 v3.24 KOMA-Script package (handling toc-files)
\scr@dte@tocline@numberwidth=\skip41
\scr@dte@tocline@numbox=\box26
)
Package tocbasic Info: omitting babel extension for `toc'
(tocbasic)             because of feature `nobabel' available
(tocbasic)             for `toc' on input line 135.
Package tocbasic Info: omitting babel extension for `lof'
(tocbasic)             because of feature `nobabel' available
(tocbasic)             for `lof' on input line 137.
Package tocbasic Info: omitting babel extension for `lot'
(tocbasic)             because of feature `nobabel' available
(tocbasic)             for `lot' on input line 138.
Package tocbasic Info: defining new hook before heading of `' on input line 162
3.
Class scrbook Info: File `scrsize11pt.clo' used instead of
(scrbook)           file `scrsize11.clo' to setup font sizes on input line 2296
.

(/usr/share/texlive/texmf-dist/tex/latex/koma-script/scrsize11pt.clo
File: scrsize11pt.clo 2017/09/07 v3.24 KOMA-Script font size class option (11pt
)
)
(/usr/share/texlive/texmf-dist/tex/latex/koma-script/typearea.sty
Package: typearea 2017/09/07 v3.24 KOMA-Script package (type area)
\ta@bcor=\skip42
\ta@div=\count79
\ta@hblk=\skip43
\ta@vblk=\skip44
\ta@temp=\skip45
\footheight=\skip46
Package typearea Info: These are the values describing the layout:
(typearea)             DIV  = 10
(typearea)             BCOR = 0.0pt
(typearea)             \paperwidth      = 597.50793pt
(typearea)              \textwidth      = 418.25555pt
(typearea)              DIV departure   = -6%
(typearea)              \evensidemargin = 47.2316pt
(typearea)              \oddsidemargin  = -12.5192pt
(typearea)             \paperheight     = 845.04694pt
(typearea)              \textheight     = 595.80026pt
(typearea)              \topmargin      = -25.16531pt
(typearea)              \headheight     = 17.0pt
(typearea)              \headsep        = 20.40001pt
(typearea)              \topskip        = 11.0pt
(typearea)              \footskip       = 47.6pt
(typearea)              \baselineskip   = 13.6pt
(typearea)              on input line 1686.
)
\c@part=\count80
\c@chapter=\count81
\c@section=\count82
\c@subsection=\count83
\c@subsubsection=\count84
\c@paragraph=\count85
\c@subparagraph=\count86
\scr@dte@part@maxnumwidth=\skip47
\scr@dte@chapter@maxnumwidth=\skip48
\scr@dte@section@maxnumwidth=\skip49
\scr@dte@subsection@maxnumwidth=\skip50
\scr@dte@subsubsection@maxnumwidth=\skip51
\scr@dte@paragraph@maxnumwidth=\skip52
\scr@dte@subparagraph@maxnumwidth=\skip53
LaTeX Info: Redefining \textsubscript on input line 4966.
\abovecaptionskip=\skip54
\belowcaptionskip=\skip55
\c@pti@nb@sid@b@x=\box27
\c@figure=\count87
\c@table=\count88
Class scrbook Info: Redefining `\numberline' on input line 6142.
\bibindent=\dimen102
)
(/usr/share/texlive/texmf-dist/tex/latex/amsmath/amstext.sty
Package: amstext 2000/06/29 v2.01 AMS text

(/usr/share/texlive/texmf-dist/tex/latex/amsmath/amsgen.sty
File: amsgen.sty 1999/11/30 v2.0 generic functions
\@emptytoks=\toks15
\ex@=\dimen103
))
(/usr/share/texlive/texmf-dist/tex/latex/amsfonts/amssymb.sty
Package: amssymb 2013/01/14 v3.01 AMS font symbols

(/usr/share/texlive/texmf-dist/tex/latex/amsfonts/amsfonts.sty
Package: amsfonts 2013/01/14 v3.01 Basic AMSFonts support
\symAMSa=\mathgroup4
\symAMSb=\mathgroup5
LaTeX Font Info:    Overwriting math alphabet `\mathfrak' in version `bold'
(Font)                  U/euf/m/n --> U/euf/b/n on input line 106.
))
(/usr/share/texlive/texmf-dist/tex/latex/stmaryrd/stmaryrd.sty
Package: stmaryrd 1994/03/03 St Mary's Road symbol package
\symstmry=\mathgroup6
LaTeX Font Info:    Overwriting symbol font `stmry' in version `bold'
(Font)                  U/stmry/m/n --> U/stmry/b/n on input line 89.
)
(/usr/share/texlive/texmf-dist/tex/latex/polytable/polytable.sty
Package: polytable 2013/07/18 v0.8.5 `polytable' package (Andres Loeh)

(/usr/share/texlive/texmf-dist/tex/latex/lazylist/lazylist.sty)
(/usr/share/texlive/texmf-dist/tex/latex/tools/array.sty
Package: array 2016/10/06 v2.4d Tabular extension package (FMi)
\col@sep=\dimen104
\extrarowheight=\dimen105
\NC@list=\toks16
\extratabsurround=\skip56
\backup@length=\skip57
)
\PT@colwidth=\dimen106
\PT@cols=\count89
\PT@table=\count90
\PT@toks=\toks17
\PT@in=\read1
\PT@out=\write3
)
\mathindent=\dimen107
\blanklineskip=\skip58

\@input{cmds.aux}
\openout2 = `cmds.aux'.

(./cmds.tex (/usr/share/texlive/texmf-dist/tex/latex/graphics/graphicx.sty
Package: graphicx 2017/06/01 v1.1a Enhanced LaTeX Graphics (DPC,SPQR)

(/usr/share/texlive/texmf-dist/tex/latex/graphics/graphics.sty
Package: graphics 2017/06/25 v1.2c Standard LaTeX Graphics (DPC,SPQR)

(/usr/share/texlive/texmf-dist/tex/latex/graphics/trig.sty
Package: trig 2016/01/03 v1.10 sin cos tan (DPC)
)
(/usr/share/texlive/texmf-dist/tex/latex/graphics-cfg/graphics.cfg
File: graphics.cfg 2016/06/04 v1.11 sample graphics configuration
)
Package graphics Info: Driver file: pdftex.def on input line 99.

(/usr/share/texlive/texmf-dist/tex/latex/graphics-def/pdftex.def
File: pdftex.def 2018/01/08 v1.0l Graphics/color driver for pdftex
))
\Gin@req@height=\dimen108
\Gin@req@width=\dimen109
)
(/usr/share/texlive/texmf-dist/tex/latex/ucs/ucs.sty
Package: ucs 2013/05/11 v2.2 UCS: Unicode input support

(/usr/share/texlive/texmf-dist/tex/latex/ucs/data/uni-global.def
File: uni-global.def 2013/05/13 UCS: Unicode global data
)
\uc@secondtry=\count91
\uc@combtoks=\toks18
\uc@combtoksb=\toks19
\uc@temptokena=\toks20
)
(/usr/share/texlive/texmf-dist/tex/latex/base/inputenc.sty
Package: inputenc 2015/03/17 v1.2c Input encoding file
\inpenc@prehook=\toks21
\inpenc@posthook=\toks22

(/usr/share/texlive/texmf-dist/tex/latex/ucs/utf8x.def
File: utf8x.def 2004/10/17 UCS: Input encoding UTF-8
))
(/usr/share/texlive/texmf-dist/tex/latex/tabto-ltx/tabto.sty
Package: tabto 2013/03/25  v 1.3  Another tabbing mechanism
\CurrentLineWidth=\dimen110
)
(/usr/share/texlive/texmf-dist/tex/generic/babel/babel.sty
Package: babel 2018/02/14 3.18 The Babel package

(/usr/share/texlive/texmf-dist/tex/generic/babel/switch.def
File: switch.def 2018/02/14 3.18 Babel switching mechanism
)
(/usr/share/texlive/texmf-dist/tex/generic/babel-portuges/portuges.ldf
Language: portuges 2008/03/18 v1.2q Portuguese support from the babel system

(/usr/share/texlive/texmf-dist/tex/generic/babel/babel.def
File: babel.def 2018/02/14 3.18 Babel common definitions
\babel@savecnt=\count92
\U@D=\dimen111

(/usr/share/texlive/texmf-dist/tex/generic/babel/txtbabel.def)
\bbl@dirlevel=\count93
)
Package babel Info: Making " an active character on input line 145.
)
(/usr/share/texlive/texmf-dist/tex/generic/babel-english/english.ldf
Language: english 2017/06/06 v3.3r English support from the babel system
\l@canadian = a dialect from \language\l@american 
\l@australian = a dialect from \language\l@british 
\l@newzealand = a dialect from \language\l@british 
))
(/usr/share/texlive/texmf-dist/tex/latex/amsmath/amsmath.sty
Package: amsmath 2017/09/02 v2.17a AMS math features
\@mathmargin=\skip59

For additional information on amsmath, use the `?' option.
(/usr/share/texlive/texmf-dist/tex/latex/amsmath/amsbsy.sty
Package: amsbsy 1999/11/29 v1.2d Bold Symbols
\pmbraise@=\dimen112
)
(/usr/share/texlive/texmf-dist/tex/latex/amsmath/amsopn.sty
Package: amsopn 2016/03/08 v2.02 operator names
)
\inf@bad=\count94
LaTeX Info: Redefining \frac on input line 213.
\uproot@=\count95
\leftroot@=\count96
LaTeX Info: Redefining \overline on input line 375.
\classnum@=\count97
\DOTSCASE@=\count98
LaTeX Info: Redefining \ldots on input line 472.
LaTeX Info: Redefining \dots on input line 475.
LaTeX Info: Redefining \cdots on input line 596.
\Mathstrutbox@=\box28
\strutbox@=\box29
\big@size=\dimen113
LaTeX Font Info:    Redeclaring font encoding OML on input line 712.
LaTeX Font Info:    Redeclaring font encoding OMS on input line 713.
\macc@depth=\count99
\c@MaxMatrixCols=\count100
\dotsspace@=\muskip10
\c@parentequation=\count101
\dspbrk@lvl=\count102
\tag@help=\toks23
\row@=\count103
\column@=\count104
\maxfields@=\count105
\andhelp@=\toks24
\eqnshift@=\dimen114
\alignsep@=\dimen115
\tagshift@=\dimen116
\tagwidth@=\dimen117
\totwidth@=\dimen118
\lineht@=\dimen119
\@envbody=\toks25
\multlinegap=\skip60
\multlinetaggap=\skip61
\mathdisplay@stack=\toks26
LaTeX Info: Redefining \[ on input line 2817.
LaTeX Info: Redefining \] on input line 2818.
)
(/usr/share/texlive/texmf-dist/tex/latex/amscls/amsthm.sty
Package: amsthm 2017/10/31 v2.20.4
\thm@style=\toks27
\thm@bodyfont=\toks28
\thm@headfont=\toks29
\thm@notefont=\toks30
\thm@headpunct=\toks31
\thm@preskip=\skip62
\thm@postskip=\skip63
\thm@headsep=\skip64
\dth@everypar=\toks32
)
(/usr/share/texlive/texmf-dist/tex/latex/amsmath/amscd.sty
Package: amscd 2017/04/14 v2.1 AMS Commutative Diagrams
\athelp@=\toks33
\minaw@=\dimen120
\bigaw@=\dimen121
\minCDarrowwidth=\dimen122
)
(/usr/share/texlive/texmf-dist/tex/latex/siunitx/siunitx.sty
(/usr/share/texlive/texmf-dist/tex/latex/l3kernel/expl3.sty
Package: expl3 2018/02/21 L3 programming layer (loader) 

(/usr/share/texlive/texmf-dist/tex/latex/l3kernel/expl3-code.tex
Package: expl3 2018/02/21 L3 programming layer (code)
\c_max_int=\count106
\l_tmpa_int=\count107
\l_tmpb_int=\count108
\g_tmpa_int=\count109
\g_tmpb_int=\count110
\g__intarray_font_int=\count111
\g__prg_map_int=\count112
\c_log_iow=\count113
\l_iow_line_count_int=\count114
\l__iow_line_target_int=\count115
\l__iow_one_indent_int=\count116
\l__iow_indent_int=\count117
\c_zero_dim=\dimen123
\c_max_dim=\dimen124
\l_tmpa_dim=\dimen125
\l_tmpb_dim=\dimen126
\g_tmpa_dim=\dimen127
\g_tmpb_dim=\dimen128
\c_zero_skip=\skip65
\c_max_skip=\skip66
\l_tmpa_skip=\skip67
\l_tmpb_skip=\skip68
\g_tmpa_skip=\skip69
\g_tmpb_skip=\skip70
\c_zero_muskip=\muskip11
\c_max_muskip=\muskip12
\l_tmpa_muskip=\muskip13
\l_tmpb_muskip=\muskip14
\g_tmpa_muskip=\muskip15
\g_tmpb_muskip=\muskip16
\l_keys_choice_int=\count118
\c__fp_leading_shift_int=\count119
\c__fp_middle_shift_int=\count120
\c__fp_trailing_shift_int=\count121
\c__fp_big_leading_shift_int=\count122
\c__fp_big_middle_shift_int=\count123
\c__fp_big_trailing_shift_int=\count124
\c__fp_Bigg_leading_shift_int=\count125
\c__fp_Bigg_middle_shift_int=\count126
\c__fp_Bigg_trailing_shift_int=\count127
\c__fp_rand_size_int=\count128
\c__fp_rand_four_int=\count129
\c__fp_rand_eight_int=\count130
\l__sort_length_int=\count131
\l__sort_min_int=\count132
\l__sort_top_int=\count133
\l__sort_max_int=\count134
\l__sort_true_max_int=\count135
\l__sort_block_int=\count136
\l__sort_begin_int=\count137
\l__sort_end_int=\count138
\l__sort_A_int=\count139
\l__sort_B_int=\count140
\l__sort_C_int=\count141
\l__tl_build_start_index_int=\count142
\l__tl_build_index_int=\count143
\l__tl_analysis_normal_int=\count144
\l__tl_analysis_index_int=\count145
\l__tl_analysis_nesting_int=\count146
\l__tl_analysis_type_int=\count147
\l__regex_internal_a_int=\count148
\l__regex_internal_b_int=\count149
\l__regex_internal_c_int=\count150
\l__regex_balance_int=\count151
\l__regex_group_level_int=\count152
\l__regex_mode_int=\count153
\c__regex_cs_in_class_mode_int=\count154
\c__regex_cs_mode_int=\count155
\l__regex_catcodes_int=\count156
\l__regex_default_catcodes_int=\count157
\c__regex_catcode_D_int=\count158
\c__regex_catcode_S_int=\count159
\c__regex_catcode_L_int=\count160
\c__regex_catcode_O_int=\count161
\c__regex_catcode_A_int=\count162
\c__regex_all_catcodes_int=\count163
\l__regex_show_lines_int=\count164
\l__regex_min_state_int=\count165
\l__regex_max_state_int=\count166
\l__regex_left_state_int=\count167
\l__regex_right_state_int=\count168
\l__regex_capturing_group_int=\count169
\l__regex_min_pos_int=\count170
\l__regex_max_pos_int=\count171
\l__regex_curr_pos_int=\count172
\l__regex_start_pos_int=\count173
\l__regex_success_pos_int=\count174
\l__regex_curr_char_int=\count175
\l__regex_curr_catcode_int=\count176
\l__regex_last_char_int=\count177
\l__regex_case_changed_char_int=\count178
\l__regex_curr_state_int=\count179
\l__regex_step_int=\count180
\l__regex_min_active_int=\count181
\l__regex_max_active_int=\count182
\l__regex_replacement_csnames_int=\count183
\l__regex_match_count_int=\count184
\l__regex_min_submatch_int=\count185
\l__regex_submatch_int=\count186
\l__regex_zeroth_submatch_int=\count187
\g__regex_trace_regex_int=\count188
\c_empty_box=\box30
\l_tmpa_box=\box31
\l_tmpb_box=\box32
\g_tmpa_box=\box33
\g_tmpb_box=\box34
\l__box_top_dim=\dimen129
\l__box_bottom_dim=\dimen130
\l__box_left_dim=\dimen131
\l__box_right_dim=\dimen132
\l__box_top_new_dim=\dimen133
\l__box_bottom_new_dim=\dimen134
\l__box_left_new_dim=\dimen135
\l__box_right_new_dim=\dimen136
\l__box_internal_box=\box35
\l__coffin_internal_box=\box36
\l__coffin_internal_dim=\dimen137
\l__coffin_offset_x_dim=\dimen138
\l__coffin_offset_y_dim=\dimen139
\l__coffin_x_dim=\dimen140
\l__coffin_y_dim=\dimen141
\l__coffin_x_prime_dim=\dimen142
\l__coffin_y_prime_dim=\dimen143
\c_empty_coffin=\box37
\l__coffin_aligned_coffin=\box38
\l__coffin_aligned_internal_coffin=\box39
\l_tmpa_coffin=\box40
\l_tmpb_coffin=\box41
\l__coffin_display_coffin=\box42
\l__coffin_display_coord_coffin=\box43
\l__coffin_display_pole_coffin=\box44
\l__coffin_display_offset_dim=\dimen144
\l__coffin_display_x_dim=\dimen145
\l__coffin_display_y_dim=\dimen146
\l__coffin_bounding_shift_dim=\dimen147
\l__coffin_left_corner_dim=\dimen148
\l__coffin_right_corner_dim=\dimen149
\l__coffin_bottom_corner_dim=\dimen150
\l__coffin_top_corner_dim=\dimen151
\l__coffin_scaled_total_height_dim=\dimen152
\l__coffin_scaled_width_dim=\dimen153
)
(/usr/share/texlive/texmf-dist/tex/latex/l3kernel/l3pdfmode.def
File: l3pdfmode.def 2017/03/18 v L3 Experimental driver: PDF mode
\l__driver_color_stack_int=\count189
\l__driver_tmp_box=\box45
))
(/usr/share/texlive/texmf-dist/tex/latex/l3packages/xparse/xparse.sty
Package: xparse 2018/02/21 L3 Experimental document command parser
\l__xparse_current_arg_int=\count190
\g__xparse_grabber_int=\count191
\l__xparse_m_args_int=\count192
\l__xparse_mandatory_args_int=\count193
\l__xparse_v_nesting_int=\count194
)
Package: siunitx 2017/11/26 v2.7k A comprehensive (SI) units package

(/usr/share/texlive/texmf-dist/tex/latex/l3packages/l3keys2e/l3keys2e.sty
Package: l3keys2e 2018/02/21 LaTeX2e option processing using LaTeX3 keys
)
\l__siunitx_tmp_box=\box46
\l__siunitx_tmp_dim=\dimen154
\l__siunitx_tmp_int=\count195
\l__siunitx_number_mantissa_length_int=\count196
\l__siunitx_number_uncert_length_int=\count197
\l__siunitx_round_int=\count198
\l__siunitx_process_decimal_int=\count199
\l__siunitx_process_uncertainty_int=\count266
\l__siunitx_process_fixed_int=\count267
\l__siunitx_process_integer_min_int=\count268
\l__siunitx_process_precision_int=\count269
\l__siunitx_group_min_int=\count270
\l__siunitx_angle_marker_box=\box47
\l__siunitx_angle_unit_box=\box48
\l__siunitx_angle_marker_dim=\dimen155
\l__siunitx_angle_unit_dim=\dimen156
\l__siunitx_unit_int=\count271
\l__siunitx_unit_denominator_int=\count272
\l__siunitx_unit_numerator_int=\count273
\l__siunitx_unit_prefix_int=\count274
\l__siunitx_unit_prefix_base_int=\count275
\l__siunitx_unit_prefix_gram_int=\count276
\l__siunitx_number_product_int=\count277
\c__siunitx_one_fill_skip=\skip71
\l__siunitx_table_unit_align_skip=\skip72
\l__siunitx_table_exponent_dim=\dimen157
\l__siunitx_table_integer_dim=\dimen158
\l__siunitx_table_mantissa_dim=\dimen159
\l__siunitx_table_marker_dim=\dimen160
\l__siunitx_table_result_dim=\dimen161
\l__siunitx_table_uncert_dim=\dimen162
\l__siunitx_table_fill_pre_dim=\dimen163
\l__siunitx_table_fill_post_dim=\dimen164
\l__siunitx_table_fill_mid_dim=\dimen165
\l__siunitx_table_pre_box=\box49
\l__siunitx_table_post_box=\box50
\l__siunitx_table_mantissa_box=\box51
\l__siunitx_table_result_box=\box52
\l__siunitx_table_number_align_skip=\skip73
\l__siunitx_table_text_align_skip=\skip74
.................................................
. LaTeX info: "xparse/define-command"
. 
. Defining command \DeclareBinaryPrefix with sig. 'mmm' on line 7250.
.................................................
.................................................
. LaTeX info: "xparse/define-command"
. 
. Defining command \DeclareSIPostPower with sig. 'mm' on line 7253.
.................................................
.................................................
. LaTeX info: "xparse/define-command"
. 
. Defining command \DeclareSIPrefix with sig. 'mmm' on line 7256.
.................................................
.................................................
. LaTeX info: "xparse/define-command"
. 
. Defining command \DeclareSIPrePower with sig. 'mm' on line 7259.
.................................................
.................................................
. LaTeX info: "xparse/define-command"
. 
. Defining command \DeclareSIQualifier with sig. 'mm' on line 7262.
.................................................
.................................................
. LaTeX info: "xparse/define-command"
. 
. Defining command \DeclareSIUnit with sig. 'O{}mm' on line 7265.
.................................................
.................................................
. LaTeX info: "xparse/define-command"
. 
. Defining command \DeclareSIUnitWithOptions with sig. 'mmm' on line 7268.
.................................................
.................................................
. LaTeX info: "xparse/define-command"
. 
. Defining command \ang with sig. 'o>{\SplitArgument {2}{;}}m' on line 7283.
.................................................
.................................................
. LaTeX info: "xparse/define-command"
. 
. Defining command \num with sig. 'om' on line 7292.
.................................................
.................................................
. LaTeX info: "xparse/define-command"
. 
. Defining command \numlist with sig. 'o>{\SplitList {;}}m' on line 7301.
.................................................
.................................................
. LaTeX info: "xparse/define-command"
. 
. Defining command \numrange with sig. 'omm' on line 7310.
.................................................
.................................................
. LaTeX info: "xparse/define-command"
. 
. Defining command \SIlist with sig. 'o>{\SplitList {;}}mm' on line 7322.
.................................................
.................................................
. LaTeX info: "xparse/define-command"
. 
. Defining command \SIrange with sig. 'ommm' on line 7334.
.................................................
.................................................
. LaTeX info: "xparse/define-command"
. 
. Defining command \SI with sig. 'omom' on line 7346.
.................................................
.................................................
. LaTeX info: "xparse/define-command"
. 
. Defining command \sisetup with sig. 'm' on line 7349.
.................................................
.................................................
. LaTeX info: "xparse/define-command"
. 
. Defining command \tablenum with sig. 'om' on line 7364.
.................................................
.................................................
. LaTeX info: "xparse/define-command"
. 
. Defining command \si with sig. 'om' on line 7376.
.................................................
.................................................
. LaTeX info: "xparse/define-command"
. 
. Defining command \numInBookmark with sig. 'om' on line 7423.
.................................................
.................................................
. LaTeX info: "xparse/define-command"
. 
. Defining command \numrangeInBookmark with sig. 'omm' on line 7425.
.................................................
.................................................
. LaTeX info: "xparse/define-command"
. 
. Defining command \SIInBookmark with sig. 'omom' on line 7427.
.................................................
.................................................
. LaTeX info: "xparse/define-command"
. 
. Defining command \SIlistInBookmark with sig. 'omm' on line 7429.
.................................................
.................................................
. LaTeX info: "xparse/define-command"
. 
. Defining command \SIrangeInBookmark with sig. 'ommm' on line 7431.
.................................................
.................................................
. LaTeX info: "xparse/define-command"
. 
. Defining command \siInBookmark with sig. 'om' on line 7432.
.................................................
\g__file_internal_ior=\read2

(/usr/share/texlive/texmf-dist/tex/latex/translator/translator.sty
Package: translator 2018/01/04 v1.12 Easy translation of strings in LaTeX
))
(/usr/share/texlive/texmf-dist/tex/latex/pgf/frontendlayer/tikz.sty
(/usr/share/texlive/texmf-dist/tex/latex/pgf/basiclayer/pgf.sty
(/usr/share/texlive/texmf-dist/tex/latex/pgf/utilities/pgfrcs.sty
(/usr/share/texlive/texmf-dist/tex/generic/pgf/utilities/pgfutil-common.tex
\pgfutil@everybye=\toks34
\pgfutil@tempdima=\dimen166
\pgfutil@tempdimb=\dimen167

(/usr/share/texlive/texmf-dist/tex/generic/pgf/utilities/pgfutil-common-lists.t
ex)) (/usr/share/texlive/texmf-dist/tex/generic/pgf/utilities/pgfutil-latex.def
\pgfutil@abb=\box53
(/usr/share/texlive/texmf-dist/tex/latex/ms/everyshi.sty
Package: everyshi 2001/05/15 v3.00 EveryShipout Package (MS)
))
(/usr/share/texlive/texmf-dist/tex/generic/pgf/utilities/pgfrcs.code.tex
Package: pgfrcs 2015/08/07 v3.0.1a (rcs-revision 1.31)
))
Package: pgf 2015/08/07 v3.0.1a (rcs-revision 1.15)

(/usr/share/texlive/texmf-dist/tex/latex/pgf/basiclayer/pgfcore.sty
(/usr/share/texlive/texmf-dist/tex/latex/pgf/systemlayer/pgfsys.sty
(/usr/share/texlive/texmf-dist/tex/generic/pgf/systemlayer/pgfsys.code.tex
Package: pgfsys 2014/07/09 v3.0.1a (rcs-revision 1.48)

(/usr/share/texlive/texmf-dist/tex/generic/pgf/utilities/pgfkeys.code.tex
\pgfkeys@pathtoks=\toks35
\pgfkeys@temptoks=\toks36

(/usr/share/texlive/texmf-dist/tex/generic/pgf/utilities/pgfkeysfiltered.code.t
ex
\pgfkeys@tmptoks=\toks37
))
\pgf@x=\dimen168
\pgf@y=\dimen169
\pgf@xa=\dimen170
\pgf@ya=\dimen171
\pgf@xb=\dimen172
\pgf@yb=\dimen173
\pgf@xc=\dimen174
\pgf@yc=\dimen175
\w@pgf@writea=\write4
\r@pgf@reada=\read3
\c@pgf@counta=\count278
\c@pgf@countb=\count279
\c@pgf@countc=\count280
\c@pgf@countd=\count281
\t@pgf@toka=\toks38
\t@pgf@tokb=\toks39
\t@pgf@tokc=\toks40
 (/usr/share/texlive/texmf-dist/tex/generic/pgf/systemlayer/pgf.cfg
File: pgf.cfg 2008/05/14  (rcs-revision 1.7)
)
Driver file for pgf: pgfsys-pdftex.def

(/usr/share/texlive/texmf-dist/tex/generic/pgf/systemlayer/pgfsys-pdftex.def
File: pgfsys-pdftex.def 2014/10/11  (rcs-revision 1.35)

(/usr/share/texlive/texmf-dist/tex/generic/pgf/systemlayer/pgfsys-common-pdf.de
f
File: pgfsys-common-pdf.def 2013/10/10  (rcs-revision 1.13)
)))
(/usr/share/texlive/texmf-dist/tex/generic/pgf/systemlayer/pgfsyssoftpath.code.
tex
File: pgfsyssoftpath.code.tex 2013/09/09  (rcs-revision 1.9)
\pgfsyssoftpath@smallbuffer@items=\count282
\pgfsyssoftpath@bigbuffer@items=\count283
)
(/usr/share/texlive/texmf-dist/tex/generic/pgf/systemlayer/pgfsysprotocol.code.
tex
File: pgfsysprotocol.code.tex 2006/10/16  (rcs-revision 1.4)
)) (/usr/share/texlive/texmf-dist/tex/latex/xcolor/xcolor.sty
Package: xcolor 2016/05/11 v2.12 LaTeX color extensions (UK)

(/usr/share/texlive/texmf-dist/tex/latex/graphics-cfg/color.cfg
File: color.cfg 2016/01/02 v1.6 sample color configuration
)
Package xcolor Info: Driver file: pdftex.def on input line 225.
Package xcolor Info: Model `cmy' substituted by `cmy0' on input line 1348.
Package xcolor Info: Model `hsb' substituted by `rgb' on input line 1352.
Package xcolor Info: Model `RGB' extended on input line 1364.
Package xcolor Info: Model `HTML' substituted by `rgb' on input line 1366.
Package xcolor Info: Model `Hsb' substituted by `hsb' on input line 1367.
Package xcolor Info: Model `tHsb' substituted by `hsb' on input line 1368.
Package xcolor Info: Model `HSB' substituted by `hsb' on input line 1369.
Package xcolor Info: Model `Gray' substituted by `gray' on input line 1370.
Package xcolor Info: Model `wave' substituted by `hsb' on input line 1371.
)
(/usr/share/texlive/texmf-dist/tex/generic/pgf/basiclayer/pgfcore.code.tex
Package: pgfcore 2010/04/11 v3.0.1a (rcs-revision 1.7)

(/usr/share/texlive/texmf-dist/tex/generic/pgf/math/pgfmath.code.tex
(/usr/share/texlive/texmf-dist/tex/generic/pgf/math/pgfmathcalc.code.tex
(/usr/share/texlive/texmf-dist/tex/generic/pgf/math/pgfmathutil.code.tex)
(/usr/share/texlive/texmf-dist/tex/generic/pgf/math/pgfmathparser.code.tex
\pgfmath@dimen=\dimen176
\pgfmath@count=\count284
\pgfmath@box=\box54
\pgfmath@toks=\toks41
\pgfmath@stack@operand=\toks42
\pgfmath@stack@operation=\toks43
)
(/usr/share/texlive/texmf-dist/tex/generic/pgf/math/pgfmathfunctions.code.tex
(/usr/share/texlive/texmf-dist/tex/generic/pgf/math/pgfmathfunctions.basic.code
.tex)
(/usr/share/texlive/texmf-dist/tex/generic/pgf/math/pgfmathfunctions.trigonomet
ric.code.tex)
(/usr/share/texlive/texmf-dist/tex/generic/pgf/math/pgfmathfunctions.random.cod
e.tex)
(/usr/share/texlive/texmf-dist/tex/generic/pgf/math/pgfmathfunctions.comparison
.code.tex)
(/usr/share/texlive/texmf-dist/tex/generic/pgf/math/pgfmathfunctions.base.code.
tex)
(/usr/share/texlive/texmf-dist/tex/generic/pgf/math/pgfmathfunctions.round.code
.tex)
(/usr/share/texlive/texmf-dist/tex/generic/pgf/math/pgfmathfunctions.misc.code.
tex)
(/usr/share/texlive/texmf-dist/tex/generic/pgf/math/pgfmathfunctions.integerari
thmetics.code.tex)))
(/usr/share/texlive/texmf-dist/tex/generic/pgf/math/pgfmathfloat.code.tex
\c@pgfmathroundto@lastzeros=\count285
))
(/usr/share/texlive/texmf-dist/tex/generic/pgf/basiclayer/pgfcorepoints.code.te
x
File: pgfcorepoints.code.tex 2013/10/07  (rcs-revision 1.27)
\pgf@picminx=\dimen177
\pgf@picmaxx=\dimen178
\pgf@picminy=\dimen179
\pgf@picmaxy=\dimen180
\pgf@pathminx=\dimen181
\pgf@pathmaxx=\dimen182
\pgf@pathminy=\dimen183
\pgf@pathmaxy=\dimen184
\pgf@xx=\dimen185
\pgf@xy=\dimen186
\pgf@yx=\dimen187
\pgf@yy=\dimen188
\pgf@zx=\dimen189
\pgf@zy=\dimen190
)
(/usr/share/texlive/texmf-dist/tex/generic/pgf/basiclayer/pgfcorepathconstruct.
code.tex
File: pgfcorepathconstruct.code.tex 2013/10/07  (rcs-revision 1.29)
\pgf@path@lastx=\dimen191
\pgf@path@lasty=\dimen192
)
(/usr/share/texlive/texmf-dist/tex/generic/pgf/basiclayer/pgfcorepathusage.code
.tex
File: pgfcorepathusage.code.tex 2014/11/02  (rcs-revision 1.24)
\pgf@shorten@end@additional=\dimen193
\pgf@shorten@start@additional=\dimen194
)
(/usr/share/texlive/texmf-dist/tex/generic/pgf/basiclayer/pgfcorescopes.code.te
x
File: pgfcorescopes.code.tex 2015/05/08  (rcs-revision 1.46)
\pgfpic=\box55
\pgf@hbox=\box56
\pgf@layerbox@main=\box57
\pgf@picture@serial@count=\count286
)
(/usr/share/texlive/texmf-dist/tex/generic/pgf/basiclayer/pgfcoregraphicstate.c
ode.tex
File: pgfcoregraphicstate.code.tex 2014/11/02  (rcs-revision 1.12)
\pgflinewidth=\dimen195
)
(/usr/share/texlive/texmf-dist/tex/generic/pgf/basiclayer/pgfcoretransformation
s.code.tex
File: pgfcoretransformations.code.tex 2015/08/07  (rcs-revision 1.20)
\pgf@pt@x=\dimen196
\pgf@pt@y=\dimen197
\pgf@pt@temp=\dimen198
)
(/usr/share/texlive/texmf-dist/tex/generic/pgf/basiclayer/pgfcorequick.code.tex
File: pgfcorequick.code.tex 2008/10/09  (rcs-revision 1.3)
)
(/usr/share/texlive/texmf-dist/tex/generic/pgf/basiclayer/pgfcoreobjects.code.t
ex
File: pgfcoreobjects.code.tex 2006/10/11  (rcs-revision 1.2)
)
(/usr/share/texlive/texmf-dist/tex/generic/pgf/basiclayer/pgfcorepathprocessing
.code.tex
File: pgfcorepathprocessing.code.tex 2013/09/09  (rcs-revision 1.9)
)
(/usr/share/texlive/texmf-dist/tex/generic/pgf/basiclayer/pgfcorearrows.code.te
x
File: pgfcorearrows.code.tex 2015/05/14  (rcs-revision 1.43)
\pgfarrowsep=\dimen199
)
(/usr/share/texlive/texmf-dist/tex/generic/pgf/basiclayer/pgfcoreshade.code.tex
File: pgfcoreshade.code.tex 2013/07/15  (rcs-revision 1.15)
\pgf@max=\dimen256
\pgf@sys@shading@range@num=\count287
)
(/usr/share/texlive/texmf-dist/tex/generic/pgf/basiclayer/pgfcoreimage.code.tex
File: pgfcoreimage.code.tex 2013/07/15  (rcs-revision 1.18)

(/usr/share/texlive/texmf-dist/tex/generic/pgf/basiclayer/pgfcoreexternal.code.
tex
File: pgfcoreexternal.code.tex 2014/07/09  (rcs-revision 1.21)
\pgfexternal@startupbox=\box58
))
(/usr/share/texlive/texmf-dist/tex/generic/pgf/basiclayer/pgfcorelayers.code.te
x
File: pgfcorelayers.code.tex 2013/07/18  (rcs-revision 1.7)
)
(/usr/share/texlive/texmf-dist/tex/generic/pgf/basiclayer/pgfcoretransparency.c
ode.tex
File: pgfcoretransparency.code.tex 2013/09/30  (rcs-revision 1.5)
)
(/usr/share/texlive/texmf-dist/tex/generic/pgf/basiclayer/pgfcorepatterns.code.
tex
File: pgfcorepatterns.code.tex 2013/11/07  (rcs-revision 1.5)
)))
(/usr/share/texlive/texmf-dist/tex/generic/pgf/modules/pgfmoduleshapes.code.tex
File: pgfmoduleshapes.code.tex 2014/03/21  (rcs-revision 1.35)
\pgfnodeparttextbox=\box59
) (/usr/share/texlive/texmf-dist/tex/generic/pgf/modules/pgfmoduleplot.code.tex
File: pgfmoduleplot.code.tex 2015/08/03  (rcs-revision 1.13)
)
(/usr/share/texlive/texmf-dist/tex/latex/pgf/compatibility/pgfcomp-version-0-65
.sty
Package: pgfcomp-version-0-65 2007/07/03 v3.0.1a (rcs-revision 1.7)
\pgf@nodesepstart=\dimen257
\pgf@nodesepend=\dimen258
)
(/usr/share/texlive/texmf-dist/tex/latex/pgf/compatibility/pgfcomp-version-1-18
.sty
Package: pgfcomp-version-1-18 2007/07/23 v3.0.1a (rcs-revision 1.1)
)) (/usr/share/texlive/texmf-dist/tex/latex/pgf/utilities/pgffor.sty
(/usr/share/texlive/texmf-dist/tex/latex/pgf/utilities/pgfkeys.sty
(/usr/share/texlive/texmf-dist/tex/generic/pgf/utilities/pgfkeys.code.tex))
(/usr/share/texlive/texmf-dist/tex/latex/pgf/math/pgfmath.sty
(/usr/share/texlive/texmf-dist/tex/generic/pgf/math/pgfmath.code.tex))
(/usr/share/texlive/texmf-dist/tex/generic/pgf/utilities/pgffor.code.tex
Package: pgffor 2013/12/13 v3.0.1a (rcs-revision 1.25)

(/usr/share/texlive/texmf-dist/tex/generic/pgf/math/pgfmath.code.tex)
\pgffor@iter=\dimen259
\pgffor@skip=\dimen260
\pgffor@stack=\toks44
\pgffor@toks=\toks45
))
(/usr/share/texlive/texmf-dist/tex/generic/pgf/frontendlayer/tikz/tikz.code.tex
Package: tikz 2015/08/07 v3.0.1a (rcs-revision 1.151)

(/usr/share/texlive/texmf-dist/tex/generic/pgf/libraries/pgflibraryplothandlers
.code.tex
File: pgflibraryplothandlers.code.tex 2013/08/31 v3.0.1a (rcs-revision 1.20)
\pgf@plot@mark@count=\count288
\pgfplotmarksize=\dimen261
)
\tikz@lastx=\dimen262
\tikz@lasty=\dimen263
\tikz@lastxsaved=\dimen264
\tikz@lastysaved=\dimen265
\tikzleveldistance=\dimen266
\tikzsiblingdistance=\dimen267
\tikz@figbox=\box60
\tikz@figbox@bg=\box61
\tikz@tempbox=\box62
\tikz@tempbox@bg=\box63
\tikztreelevel=\count289
\tikznumberofchildren=\count290
\tikznumberofcurrentchild=\count291
\tikz@fig@count=\count292

(/usr/share/texlive/texmf-dist/tex/generic/pgf/modules/pgfmodulematrix.code.tex
File: pgfmodulematrix.code.tex 2013/09/17  (rcs-revision 1.8)
\pgfmatrixcurrentrow=\count293
\pgfmatrixcurrentcolumn=\count294
\pgf@matrix@numberofcolumns=\count295
)
\tikz@expandcount=\count296

(/usr/share/texlive/texmf-dist/tex/generic/pgf/frontendlayer/tikz/libraries/tik
zlibrarytopaths.code.tex
File: tikzlibrarytopaths.code.tex 2008/06/17 v3.0.1a (rcs-revision 1.2)
)))
(/usr/share/texlive/texmf-dist/tex/latex/pgfplots/pgfplots.sty
(/usr/share/texlive/texmf-dist/tex/generic/pgfplots/pgfplots.revision.tex)
Package: pgfplots 2017/06/05 v1.15 Data Visualization (1.15)

(/usr/share/texlive/texmf-dist/tex/generic/pgfplots/pgfplots.code.tex
(/usr/share/texlive/texmf-dist/tex/generic/pgfplots/pgfplotscore.code.tex
\t@pgfplots@toka=\toks46
\t@pgfplots@tokb=\toks47
\t@pgfplots@tokc=\toks48
\pgfplots@tmpa=\dimen268
\c@pgfplots@coordindex=\count297
\c@pgfplots@scanlineindex=\count298

(/usr/share/texlive/texmf-dist/tex/generic/pgfplots/sys/pgfplotssysgeneric.code
.tex))
(/usr/share/texlive/texmf-dist/tex/generic/pgfplots/libs/pgfplotslibrary.code.t
ex)
(/usr/share/texlive/texmf-dist/tex/generic/pgfplots/oldpgfcompatib/pgfplotsoldp
gfsupp_loader.code.tex
(/usr/share/texlive/texmf-dist/tex/generic/pgf/libraries/pgflibraryfpu.code.tex
)
Package pgfplots: loading complementary arithmetics for your pgf version...

(/usr/share/texlive/texmf-dist/tex/generic/pgfplots/oldpgfcompatib/pgfplotsoldp
gfsupp_pgflibraryfpu.code.tex)
(/usr/share/texlive/texmf-dist/tex/generic/pgfplots/oldpgfcompatib/pgfplotsoldp
gfsupp_pgfmathfloat.code.tex
\c@pgfmathroundto@lastzeros=\count299
))
(/usr/share/texlive/texmf-dist/tex/generic/pgfplots/util/pgfplotsutil.code.tex
(/usr/share/texlive/texmf-dist/tex/generic/pgfplots/liststructure/pgfplotslists
tructure.code.tex)
(/usr/share/texlive/texmf-dist/tex/generic/pgfplots/liststructure/pgfplotslists
tructureext.code.tex)
(/usr/share/texlive/texmf-dist/tex/generic/pgfplots/liststructure/pgfplotsarray
.code.tex
\c@pgfplotsarray@tmp=\count300
)
(/usr/share/texlive/texmf-dist/tex/generic/pgfplots/liststructure/pgfplotsmatri
x.code.tex)
(/usr/share/texlive/texmf-dist/tex/generic/pgfplots/numtable/pgfplotstableshare
d.code.tex
\c@pgfplotstable@counta=\count301
\t@pgfplotstable@a=\toks49
)
(/usr/share/texlive/texmf-dist/tex/generic/pgfplots/liststructure/pgfplotsdeque
.code.tex)
(/usr/share/texlive/texmf-dist/tex/generic/pgfplots/util/pgfplotsbinary.code.te
x
(/usr/share/texlive/texmf-dist/tex/generic/pgfplots/util/pgfplotsbinary.data.co
de.tex))
(/usr/share/texlive/texmf-dist/tex/generic/pgfplots/util/pgfplotsutil.verb.code
.tex)
(/usr/share/texlive/texmf-dist/tex/generic/pgfplots/libs/pgflibrarypgfplots.sur
fshading.code.tex
\c@pgfplotslibrarysurf@no=\count302

(/usr/share/texlive/texmf-dist/tex/generic/pgfplots/sys/pgflibrarypgfplots.surf
shading.pgfsys-pdftex.def)))
(/usr/share/texlive/texmf-dist/tex/generic/pgfplots/util/pgfplotscolormap.code.
tex
(/usr/share/texlive/texmf-dist/tex/generic/pgfplots/util/pgfplotscolor.code.tex
))
(/usr/share/texlive/texmf-dist/tex/generic/pgfplots/pgfplotsstackedplots.code.t
ex)
(/usr/share/texlive/texmf-dist/tex/generic/pgfplots/pgfplotsplothandlers.code.t
ex
(/usr/share/texlive/texmf-dist/tex/generic/pgfplots/pgfplotsmeshplothandler.cod
e.tex
(/usr/share/texlive/texmf-dist/tex/generic/pgfplots/pgfplotsmeshplotimage.code.
tex)))
(/usr/share/texlive/texmf-dist/tex/generic/pgfplots/pgfplots.scaling.code.tex)
(/usr/share/texlive/texmf-dist/tex/generic/pgfplots/pgfplotscoordprocessing.cod
e.tex)
(/usr/share/texlive/texmf-dist/tex/generic/pgfplots/pgfplots.errorbars.code.tex
) (/usr/share/texlive/texmf-dist/tex/generic/pgfplots/pgfplots.markers.code.tex
) (/usr/share/texlive/texmf-dist/tex/generic/pgfplots/pgfplotsticks.code.tex)
(/usr/share/texlive/texmf-dist/tex/generic/pgfplots/pgfplots.paths.code.tex)
(/usr/share/texlive/texmf-dist/tex/generic/pgf/frontendlayer/tikz/libraries/tik
zlibrarydecorations.code.tex
(/usr/share/texlive/texmf-dist/tex/generic/pgf/modules/pgfmoduledecorations.cod
e.tex
\pgfdecoratedcompleteddistance=\dimen269
\pgfdecoratedremainingdistance=\dimen270
\pgfdecoratedinputsegmentcompleteddistance=\dimen271
\pgfdecoratedinputsegmentremainingdistance=\dimen272
\pgf@decorate@distancetomove=\dimen273
\pgf@decorate@repeatstate=\count303
\pgfdecorationsegmentamplitude=\dimen274
\pgfdecorationsegmentlength=\dimen275
)
\tikz@lib@dec@box=\box64
)
(/usr/share/texlive/texmf-dist/tex/generic/pgf/frontendlayer/tikz/libraries/tik
zlibrarydecorations.pathmorphing.code.tex
(/usr/share/texlive/texmf-dist/tex/generic/pgf/libraries/decorations/pgflibrary
decorations.pathmorphing.code.tex))
(/usr/share/texlive/texmf-dist/tex/generic/pgf/frontendlayer/tikz/libraries/tik
zlibrarydecorations.pathreplacing.code.tex
(/usr/share/texlive/texmf-dist/tex/generic/pgf/libraries/decorations/pgflibrary
decorations.pathreplacing.code.tex))
\pgfplots@numplots=\count304
\pgfplots@xmin@reg=\dimen276
\pgfplots@xmax@reg=\dimen277
\pgfplots@ymin@reg=\dimen278
\pgfplots@ymax@reg=\dimen279
\pgfplots@zmin@reg=\dimen280
\pgfplots@zmax@reg=\dimen281
)
(/usr/share/texlive/texmf-dist/tex/generic/pgf/frontendlayer/tikz/libraries/tik
zlibraryplotmarks.code.tex
File: tikzlibraryplotmarks.code.tex 2008/01/09 v3.0.1a (rcs-revision 1.1)

(/usr/share/texlive/texmf-dist/tex/generic/pgf/libraries/pgflibraryplotmarks.co
de.tex
File: pgflibraryplotmarks.code.tex 2015/08/03 v3.0.1a (rcs-revision 1.14)
)))
(/usr/share/texlive/texmf-dist/tex/generic/pgf/frontendlayer/tikz/libraries/gra
phs/tikzlibrarygraphs.code.tex
File: tikzlibrarygraphs.code.tex 2015/06/05 v3.0.1a (rcs-revision 1.44)
\tikz@lib@auto@number=\count305
\tikz@qnode@count=\count306
)) (./lhsm4p.aux)
\openout1 = `lhsm4p.aux'.

LaTeX Font Info:    Checking defaults for OML/cmm/m/it on input line 107.
LaTeX Font Info:    ... okay on input line 107.
LaTeX Font Info:    Checking defaults for T1/cmr/m/n on input line 107.
LaTeX Font Info:    ... okay on input line 107.
LaTeX Font Info:    Checking defaults for OT1/cmr/m/n on input line 107.
LaTeX Font Info:    ... okay on input line 107.
LaTeX Font Info:    Checking defaults for OMS/cmsy/m/n on input line 107.
LaTeX Font Info:    ... okay on input line 107.
LaTeX Font Info:    Checking defaults for OMX/cmex/m/n on input line 107.
LaTeX Font Info:    ... okay on input line 107.
LaTeX Font Info:    Checking defaults for U/cmr/m/n on input line 107.
LaTeX Font Info:    ... okay on input line 107.

(/usr/share/texlive/texmf-dist/tex/context/base/mkii/supp-pdf.mkii
[Loading MPS to PDF converter (version 2006.09.02).]
\scratchcounter=\count307
\scratchdimen=\dimen282
\scratchbox=\box65
\nofMPsegments=\count308
\nofMParguments=\count309
\everyMPshowfont=\toks50
\MPscratchCnt=\count310
\MPscratchDim=\dimen283
\MPnumerator=\count311
\makeMPintoPDFobject=\count312
\everyMPtoPDFconversion=\toks51
) (/usr/share/texlive/texmf-dist/tex/latex/oberdiek/epstopdf-base.sty
Package: epstopdf-base 2016/05/15 v2.6 Base part for package epstopdf

(/usr/share/texlive/texmf-dist/tex/generic/oberdiek/infwarerr.sty
Package: infwarerr 2016/05/16 v1.4 Providing info/warning/error messages (HO)
)
(/usr/share/texlive/texmf-dist/tex/latex/oberdiek/grfext.sty
Package: grfext 2016/05/16 v1.2 Manage graphics extensions (HO)

(/usr/share/texlive/texmf-dist/tex/generic/oberdiek/kvdefinekeys.sty
Package: kvdefinekeys 2016/05/16 v1.4 Define keys (HO)

(/usr/share/texlive/texmf-dist/tex/generic/oberdiek/ltxcmds.sty
Package: ltxcmds 2016/05/16 v1.23 LaTeX kernel commands for general use (HO)
)))
(/usr/share/texlive/texmf-dist/tex/latex/oberdiek/kvoptions.sty
Package: kvoptions 2016/05/16 v3.12 Key value format for package options (HO)

(/usr/share/texlive/texmf-dist/tex/generic/oberdiek/kvsetkeys.sty
Package: kvsetkeys 2016/05/16 v1.17 Key value parser (HO)

(/usr/share/texlive/texmf-dist/tex/generic/oberdiek/etexcmds.sty
Package: etexcmds 2016/05/16 v1.6 Avoid name clashes with e-TeX commands (HO)

(/usr/share/texlive/texmf-dist/tex/generic/oberdiek/ifluatex.sty
Package: ifluatex 2016/05/16 v1.4 Provides the ifluatex switch (HO)
Package ifluatex Info: LuaTeX not detected.
)
Package etexcmds Info: Could not find \expanded.
(etexcmds)             That can mean that you are not using pdfTeX 1.50 or
(etexcmds)             that some package has redefined \expanded.
(etexcmds)             In the latter case, load this package earlier.
)))
(/usr/share/texlive/texmf-dist/tex/generic/oberdiek/pdftexcmds.sty
Package: pdftexcmds 2018/01/21 v0.26 Utility functions of pdfTeX for LuaTeX (HO
)

(/usr/share/texlive/texmf-dist/tex/generic/oberdiek/ifpdf.sty
Package: ifpdf 2017/03/15 v3.2 Provides the ifpdf switch
)
Package pdftexcmds Info: LuaTeX not detected.
Package pdftexcmds Info: \pdf@primitive is available.
Package pdftexcmds Info: \pdf@ifprimitive is available.
Package pdftexcmds Info: \pdfdraftmode found.
)
Package epstopdf-base Info: Redefining graphics rule for `.eps' on input line 4
38.
Package grfext Info: Graphics extension search list:
(grfext)             [.pdf,.png,.jpg,.mps,.jpeg,.jbig2,.jb2,.PDF,.PNG,.JPG,.JPE
G,.JBIG2,.JB2,.eps]
(grfext)             \AppendGraphicsExtensions on input line 456.

(/usr/share/texlive/texmf-dist/tex/latex/latexconfig/epstopdf-sys.cfg
File: epstopdf-sys.cfg 2010/07/13 v1.3 Configuration of (r)epstopdf for TeX Liv
e
))
(/usr/share/texlive/texmf-dist/tex/latex/ucs/ucsencs.def
File: ucsencs.def 2011/01/21 Fixes to fontencodings LGR, T3
)
(/usr/share/texlive/texmf-dist/tex/latex/translator/translator-basic-dictionary
-English.dict
Dictionary: translator-basic-dictionary, Language: English 
)
(/usr/share/texlive/texmf-dist/tex/latex/siunitx/siunitx-abbreviations.cfg
File: siunitx-abbreviations.cfg 2017/11/26 v2.7k siunitx: Abbreviated units
)
ABD: EveryShipout initializing macros

Package pgfplots Warning: running in backwards compatibility mode (unsuitable t
ick labels; missing features). Consider writing \pgfplotsset{compat=1.15} into 
your preamble.
 on input line 107.

\c__siunitx_mathsf_int=\count313
LaTeX Font Info:    Try loading font information for U+msa on input line 107.
(/usr/share/texlive/texmf-dist/tex/latex/amsfonts/umsa.fd
File: umsa.fd 2013/01/14 v3.01 AMS symbols A
)
LaTeX Font Info:    Try loading font information for U+msb on input line 107.

(/usr/share/texlive/texmf-dist/tex/latex/amsfonts/umsb.fd
File: umsb.fd 2013/01/14 v3.01 AMS symbols B
)
LaTeX Font Info:    Try loading font information for U+stmry on input line 107.


(/usr/share/texlive/texmf-dist/tex/latex/stmaryrd/Ustmry.fd)
\c__siunitx_mathtt_int=\count314
 [1





{/var/lib/texmf/fonts/map/pdftex/updmap/pdftex.map}] [2


] (./lhsm4p.toc
Overfull \hbox (1.095pt too wide) detected at line 26
 []\OT1/cmss/bx/n/10.95 125
 []

[3]
Overfull \hbox (1.095pt too wide) detected at line 39
 []\OT1/cmss/bx/n/10.95 213
 []


Overfull \hbox (1.095pt too wide) detected at line 49
 []\OT1/cmss/bx/n/10.95 299
 []


Overfull \hbox (2.82755pt too wide) detected at line 63
 []\OT1/cmss/bx/n/12 367
 []


Overfull \hbox (1.095pt too wide) detected at line 64
 []\OT1/cmss/bx/n/10.95 369
 []

[4]
Overfull \hbox (1.095pt too wide) detected at line 78
 []\OT1/cmss/bx/n/10.95 471
 []


Overfull \hbox (1.095pt too wide) detected at line 90
 []\OT1/cmss/bx/n/10.95 473
 []


Package tocbasic Warning: number width of section toc entries should be increas
ed!
(tocbasic)                Currently used number width = 27.98337pt,
(tocbasic)                Wanted number separation    = 4.37994pt,
(tocbasic)                Reserved number width       = 25.18509pt on input lin
e 100.


Overfull \hbox (2.79828pt too wide) detected at line 100
\OT1/cmr/m/n/10.95 10.10. 
 []


Package tocbasic Warning: number width of section toc entries should be increas
ed!
(tocbasic)                Currently used number width = 27.98337pt,
(tocbasic)                Wanted number separation    = 4.37994pt,
(tocbasic)                Reserved number width       = 25.18509pt on input lin
e 101.


Overfull \hbox (2.79828pt too wide) detected at line 101
\OT1/cmr/m/n/10.95 10.11. 
 []


Overfull \hbox (1.095pt too wide) detected at line 102
 []\OT1/cmss/bx/n/10.95 475
 []


Package tocbasic Warning: number width of section toc entries should be increas
ed!
(tocbasic)                Currently used number width = 27.98337pt,
(tocbasic)                Wanted number separation    = 4.37994pt,
(tocbasic)                Reserved number width       = 25.18509pt on input lin
e 112.


Overfull \hbox (2.79828pt too wide) detected at line 112
\OT1/cmr/m/n/10.95 11.10. 
 []


Package tocbasic Warning: number width of section toc entries should be increas
ed!
(tocbasic)                Currently used number width = 27.98337pt,
(tocbasic)                Wanted number separation    = 4.37994pt,
(tocbasic)                Reserved number width       = 25.18509pt on input lin
e 113.


Overfull \hbox (2.79828pt too wide) detected at line 113
\OT1/cmr/m/n/10.95 11.11. 
 []

[5]

Package tocbasic Warning: number width of section toc entries should be increas
ed!
(tocbasic)                Currently used number width = 27.98337pt,
(tocbasic)                Wanted number separation    = 4.37994pt,
(tocbasic)                Reserved number width       = 25.18509pt on input lin
e 114.


Overfull \hbox (2.79828pt too wide) detected at line 114
\OT1/cmr/m/n/10.95 11.12. 
 []


Overfull \hbox (1.095pt too wide) detected at line 115
 []\OT1/cmss/bx/n/10.95 511
 []


Package tocbasic Warning: number width of section toc entries should be increas
ed!
(tocbasic)                Currently used number width = 27.98337pt,
(tocbasic)                Wanted number separation    = 4.37994pt,
(tocbasic)                Reserved number width       = 25.18509pt on input lin
e 125.


Overfull \hbox (2.79828pt too wide) detected at line 125
\OT1/cmr/m/n/10.95 12.10. 
 []


Package tocbasic Warning: number width of section toc entries should be increas
ed!
(tocbasic)                Currently used number width = 27.98337pt,
(tocbasic)                Wanted number separation    = 4.37994pt,
(tocbasic)                Reserved number width       = 25.18509pt on input lin
e 126.


Overfull \hbox (2.79828pt too wide) detected at line 126
\OT1/cmr/m/n/10.95 12.11. 
 []


Package tocbasic Warning: number width of section toc entries should be increas
ed!
(tocbasic)                Currently used number width = 27.98337pt,
(tocbasic)                Wanted number separation    = 4.37994pt,
(tocbasic)                Reserved number width       = 25.18509pt on input lin
e 127.


Overfull \hbox (2.79828pt too wide) detected at line 127
\OT1/cmr/m/n/10.95 12.12. 
 []


Overfull \hbox (1.095pt too wide) detected at line 128
 []\OT1/cmss/bx/n/10.95 513
 []


Package tocbasic Warning: number width of section toc entries should be increas
ed!
(tocbasic)                Currently used number width = 27.98337pt,
(tocbasic)                Wanted number separation    = 4.37994pt,
(tocbasic)                Reserved number width       = 25.18509pt on input lin
e 138.


Overfull \hbox (2.79828pt too wide) detected at line 138
\OT1/cmr/m/n/10.95 13.10. 
 []


Package tocbasic Warning: number width of section toc entries should be increas
ed!
(tocbasic)                Currently used number width = 27.98337pt,
(tocbasic)                Wanted number separation    = 4.37994pt,
(tocbasic)                Reserved number width       = 25.18509pt on input lin
e 139.


Overfull \hbox (2.79828pt too wide) detected at line 139
\OT1/cmr/m/n/10.95 13.11. 
 []


Package tocbasic Warning: number width of section toc entries should be increas
ed!
(tocbasic)                Currently used number width = 27.98337pt,
(tocbasic)                Wanted number separation    = 4.37994pt,
(tocbasic)                Reserved number width       = 25.18509pt on input lin
e 140.


Overfull \hbox (2.79828pt too wide) detected at line 140
\OT1/cmr/m/n/10.95 13.12. 
 []


Package tocbasic Warning: number width of section toc entries should be increas
ed!
(tocbasic)                Currently used number width = 27.98337pt,
(tocbasic)                Wanted number separation    = 4.37994pt,
(tocbasic)                Reserved number width       = 25.18509pt on input lin
e 141.


Overfull \hbox (2.79828pt too wide) detected at line 141
\OT1/cmr/m/n/10.95 13.13. 
 []


Package tocbasic Warning: number width of section toc entries should be increas
ed!
(tocbasic)                Currently used number width = 27.98337pt,
(tocbasic)                Wanted number separation    = 4.37994pt,
(tocbasic)                Reserved number width       = 25.18509pt on input lin
e 142.


Overfull \hbox (2.79828pt too wide) detected at line 142
\OT1/cmr/m/n/10.95 13.14. 
 []


Package tocbasic Warning: number width of section toc entries should be increas
ed!
(tocbasic)                Currently used number width = 27.98337pt,
(tocbasic)                Wanted number separation    = 4.37994pt,
(tocbasic)                Reserved number width       = 25.18509pt on input lin
e 143.


Overfull \hbox (2.79828pt too wide) detected at line 143
\OT1/cmr/m/n/10.95 13.15. 
 []


Package tocbasic Warning: number width of section toc entries should be increas
ed!
(tocbasic)                Currently used number width = 27.98337pt,
(tocbasic)                Wanted number separation    = 4.37994pt,
(tocbasic)                Reserved number width       = 25.18509pt on input lin
e 144.


Overfull \hbox (2.79828pt too wide) detected at line 144
\OT1/cmr/m/n/10.95 13.16. 
 []


Package tocbasic Warning: number width of section toc entries should be increas
ed!
(tocbasic)                Currently used number width = 27.98337pt,
(tocbasic)                Wanted number separation    = 4.37994pt,
(tocbasic)                Reserved number width       = 25.18509pt on input lin
e 145.


Overfull \hbox (2.79828pt too wide) detected at line 145
\OT1/cmr/m/n/10.95 13.17. 
 []


Package tocbasic Warning: number width of section toc entries should be increas
ed!
(tocbasic)                Currently used number width = 27.98337pt,
(tocbasic)                Wanted number separation    = 4.37994pt,
(tocbasic)                Reserved number width       = 25.18509pt on input lin
e 146.


Overfull \hbox (2.79828pt too wide) detected at line 146
\OT1/cmr/m/n/10.95 13.18. 
 []


Overfull \hbox (1.095pt too wide) detected at line 147
 []\OT1/cmss/bx/n/10.95 515
 []


Overfull \hbox (1.095pt too wide) detected at line 154
 []\OT1/cmss/bx/n/10.95 517
 []

[6]

Package tocbasic Warning: number width of section toc entries should be increas
ed!
(tocbasic)                Currently used number width = 27.98337pt,
(tocbasic)                Wanted number separation    = 4.37994pt,
(tocbasic)                Reserved number width       = 25.18509pt on input lin
e 164.


Overfull \hbox (2.79828pt too wide) detected at line 164
\OT1/cmr/m/n/10.95 15.10. 
 []


Overfull \hbox (2.82755pt too wide) detected at line 165
 []\OT1/cmss/bx/n/12 519
 []


Overfull \hbox (1.095pt too wide) detected at line 166
 []\OT1/cmss/bx/n/10.95 521
 []


Overfull \hbox (1.095pt too wide) detected at line 174
 []\OT1/cmss/bx/n/10.95 523
 []


Overfull \hbox (1.095pt too wide) detected at line 175
 []\OT1/cmss/bx/n/10.95 525
 []


Overfull \hbox (1.095pt too wide) detected at line 176
 []\OT1/cmss/bx/n/10.95 527
 []


Overfull \hbox (1.095pt too wide) detected at line 177
 []\OT1/cmss/bx/n/10.95 529
 []


Overfull \hbox (1.095pt too wide) detected at line 178
 []\OT1/cmss/bx/n/10.95 531
 []

)
\tf@toc=\write5
\openout5 = `lhsm4p.toc'.

 [7] [8


]
chapter 1.
[9] [10


]
chapter 2.
[11] [12


]
part I.
Package scrkbase Info: You've told me to use the font selection of the element
(scrkbase)             `partprefix' that is an alias of element `partnumber'
(scrkbase)              on input line 124.
[13] [14]
chapter 3.
[15


] (/usr/share/texlive/texmf-dist/tex/latex/ucs/data/uni-0.def
File: uni-0.def 2013/05/13 UCS: Unicode data U+0000..U+00FF
)
Underfull \vbox (badness 10000) has occurred while \output is active []

 [16]
[17]
\openout3 = `lhsm4p.ptb'.

\openout3 = `lhsm4p.ptb'.

\openout3 = `lhsm4p.ptb'.

\openout3 = `lhsm4p.ptb'.


Underfull \vbox (badness 10000) has occurred while \output is active []

 [18]
\openout3 = `lhsm4p.ptb'.

\openout3 = `lhsm4p.ptb'.


Underfull \vbox (badness 10000) has occurred while \output is active []

 [19]
\openout3 = `lhsm4p.ptb'.

\openout3 = `lhsm4p.ptb'.

\openout3 = `lhsm4p.ptb'.

\openout3 = `lhsm4p.ptb'.

\openout3 = `lhsm4p.ptb'.


Underfull \vbox (badness 10000) has occurred while \output is active []

 [20]
\openout3 = `lhsm4p.ptb'.

\openout3 = `lhsm4p.ptb'.

\openout3 = `lhsm4p.ptb'.

\openout3 = `lhsm4p.ptb'.


Underfull \vbox (badness 10000) has occurred while \output is active []

 [21]
\openout3 = `lhsm4p.ptb'.

\openout3 = `lhsm4p.ptb'.

\openout3 = `lhsm4p.ptb'.

\openout3 = `lhsm4p.ptb'.


Underfull \vbox (badness 10000) has occurred while \output is active []

 [22]
\openout3 = `lhsm4p.ptb'.


Underfull \vbox (badness 10000) has occurred while \output is active []

 [23]
Underfull \hbox (badness 10000) in paragraph at lines 1213--1223

 []


Overfull \hbox (1.01178pt too wide) in paragraph at lines 1225--1228
[]\OT1/cmr/m/n/10.95 The com-pu-ta-tion re-sults in $[\OML/cmm/m/it/10.95 Three
; Six; Seven; One\OT1/cmr/m/n/10.95 ]$, which re-versed is $[\OML/cmm/m/it/10.9
5 One; Seven; Six; [] 
 []


Underfull \vbox (badness 10000) has occurred while \output is active []

 [24]
\openout3 = `lhsm4p.ptb'.

\openout3 = `lhsm4p.ptb'.

\openout3 = `lhsm4p.ptb'.


Underfull \vbox (badness 10000) has occurred while \output is active []

 [25]
\openout3 = `lhsm4p.ptb'.

\openout3 = `lhsm4p.ptb'.

\openout3 = `lhsm4p.ptb'.


Underfull \vbox (badness 10000) has occurred while \output is active []

 [26]
\openout3 = `lhsm4p.ptb'.

\openout3 = `lhsm4p.ptb'.

\openout3 = `lhsm4p.ptb'.

\openout3 = `lhsm4p.ptb'.


Underfull \vbox (badness 10000) has occurred while \output is active []

 [27]
\openout3 = `lhsm4p.ptb'.

\openout3 = `lhsm4p.ptb'.

\openout3 = `lhsm4p.ptb'.


Underfull \vbox (badness 10000) has occurred while \output is active []

 [28]
\openout3 = `lhsm4p.ptb'.

\openout3 = `lhsm4p.ptb'.

\openout3 = `lhsm4p.ptb'.

\openout3 = `lhsm4p.ptb'.


Underfull \vbox (badness 10000) has occurred while \output is active []

 [29]
\openout3 = `lhsm4p.ptb'.


[30]
\openout3 = `lhsm4p.ptb'.

\openout3 = `lhsm4p.ptb'.


Underfull \vbox (badness 10000) has occurred while \output is active []

 [31]
\openout3 = `lhsm4p.ptb'.


Underfull \vbox (badness 10000) has occurred while \output is active []

 [32]
Underfull \vbox (badness 10000) has occurred while \output is active []

 [33]
Underfull \vbox (badness 10000) has occurred while \output is active []

 [34]
[35]
\openout3 = `lhsm4p.ptb'.

 [36]
\openout3 = `lhsm4p.ptb'.


Underfull \vbox (badness 10000) has occurred while \output is active []

 [37]
\openout3 = `lhsm4p.ptb'.

\openout3 = `lhsm4p.ptb'.

\openout3 = `lhsm4p.ptb'.


Underfull \vbox (badness 10000) has occurred while \output is active []

 [38]
Underfull \vbox (badness 10000) has occurred while \output is active []

 [39]
\openout3 = `lhsm4p.ptb'.


Underfull \vbox (badness 10000) has occurred while \output is active []

 [40]
Overfull \hbox (4.53445pt too wide) in paragraph at lines 3241--3246
[]\OT1/cmr/m/n/10.95 Furthermore, if $\OML/cmm/m/it/10.95 a$ \OT1/cmr/m/n/10.95
 is the smaller num-ber, $[]$ will just flip the ar-gu-ments, \OT1/cmr/m/it/10.
95 e.g. $[] [] [] []
 []

[41]
\openout3 = `lhsm4p.ptb'.

\openout3 = `lhsm4p.ptb'.

\openout3 = `lhsm4p.ptb'.

 [42]
\openout3 = `lhsm4p.ptb'.


Underfull \vbox (badness 10000) has occurred while \output is active []

 [43]
Underfull \vbox (badness 1226) has occurred while \output is active []

 [44]
\openout3 = `lhsm4p.ptb'.


Underfull \vbox (badness 10000) has occurred while \output is active []

 [45]
\openout3 = `lhsm4p.ptb'.


[46]
\openout3 = `lhsm4p.ptb'.


Underfull \vbox (badness 10000) has occurred while \output is active []

 [47]
Underfull \vbox (badness 10000) has occurred while \output is active []

 [48]
\openout3 = `lhsm4p.ptb'.


Underfull \vbox (badness 10000) has occurred while \output is active []

 [49]
\openout3 = `lhsm4p.ptb'.

\openout3 = `lhsm4p.ptb'.


[50]
\openout3 = `lhsm4p.ptb'.

\openout3 = `lhsm4p.ptb'.

\openout3 = `lhsm4p.ptb'.

\openout3 = `lhsm4p.ptb'.


Underfull \vbox (badness 10000) has occurred while \output is active []

 [51]
\openout3 = `lhsm4p.ptb'.


[52] [53]
Underfull \vbox (badness 10000) has occurred while \output is active []

 [54]
[55] [56]
chapter 4.

Underfull \vbox (badness 1675) has occurred while \output is active []

 [57


]
Underfull \vbox (badness 10000) has occurred while \output is active []

 [58]
\openout3 = `lhsm4p.ptb'.


[59]
\openout3 = `lhsm4p.ptb'.

\openout3 = `lhsm4p.ptb'.

\openout3 = `lhsm4p.ptb'.


Underfull \vbox (badness 10000) has occurred while \output is active []

 [60]
\openout3 = `lhsm4p.ptb'.


[61] [62]
\openout3 = `lhsm4p.ptb'.

\openout3 = `lhsm4p.ptb'.


Overfull \hbox (1.58595pt too wide) in paragraph at lines 6048--6066
\OT1/cmr/m/n/10.95 These are ob-vi-ously no per-fect squares and, com-pared to 
the odd num-bers ($1\OML/cmm/m/it/10.95 ; \OT1/cmr/m/n/10.95 4\OML/cmm/m/it/10.
95 ; \OT1/cmr/m/n/10.95 9\OML/cmm/m/it/10.95 ; \OT1/cmr/m/n/10.95 16\OML/cmm/m/
it/10.95 ; [] $\OT1/cmr/m/n/10.95 ),
 []

[63]
\openout3 = `lhsm4p.ptb'.

 [64]
\openout3 = `lhsm4p.ptb'.

 [65]
Overfull \hbox (9.19934pt too wide) detected at line 6292
[]
 []

[66] [67]
\openout3 = `lhsm4p.ptb'.

\openout3 = `lhsm4p.ptb'.

 [68] [69] [70]
\openout3 = `lhsm4p.ptb'.

 [71]
\openout3 = `lhsm4p.ptb'.

 [72] [73] [74]
\openout3 = `lhsm4p.ptb'.

\openout3 = `lhsm4p.ptb'.


Underfull \vbox (badness 10000) has occurred while \output is active []

 [75]
\openout3 = `lhsm4p.ptb'.


[76] [77]
\openout3 = `lhsm4p.ptb'.

\openout3 = `lhsm4p.ptb'.

\openout3 = `lhsm4p.ptb'.


Underfull \vbox (badness 10000) has occurred while \output is active []

 [78]
[79]
Underfull \vbox (badness 10000) has occurred while \output is active []

 [80]
\openout3 = `lhsm4p.ptb'.


Underfull \vbox (badness 3291) has occurred while \output is active []

 [81]
\openout3 = `lhsm4p.ptb'.


Underfull \hbox (badness 10000) in paragraph at lines 7932--7957

 []


Underfull \vbox (badness 10000) has occurred while \output is active []

 [82]
\openout3 = `lhsm4p.ptb'.

\openout3 = `lhsm4p.ptb'.


Underfull \hbox (badness 10000) in paragraph at lines 8057--8089

 []


Underfull \vbox (badness 10000) has occurred while \output is active []

 [83]
\openout3 = `lhsm4p.ptb'.


Underfull \hbox (badness 10000) in paragraph at lines 8100--8157

 []


Underfull \vbox (badness 10000) has occurred while \output is active []

 [84]
[85] [86] [87]
Overfull \hbox (14.41966pt too wide) in paragraph at lines 8524--8536
[][] 
 []

[88] [89] [90] [91] [92]
\openout3 = `lhsm4p.ptb'.

 [93]
Underfull \vbox (badness 10000) has occurred while \output is active []

 [94]
Underfull \vbox (badness 10000) has occurred while \output is active []

 [95]
\openout3 = `lhsm4p.ptb'.


Underfull \vbox (badness 10000) has occurred while \output is active []

 [96]
[97]
Underfull \vbox (badness 10000) has occurred while \output is active []

 [98]
\openout3 = `lhsm4p.ptb'.

\openout3 = `lhsm4p.ptb'.

\openout3 = `lhsm4p.ptb'.


Underfull \vbox (badness 10000) has occurred while \output is active []

 [99]
\openout3 = `lhsm4p.ptb'.


Underfull \vbox (badness 10000) has occurred while \output is active []

 [100]
LaTeX Font Info:    Try loading font information for OMS+cmr on input line 9811
.

(/usr/share/texlive/texmf-dist/tex/latex/base/omscmr.fd
File: omscmr.fd 2014/09/29 v2.5h Standard LaTeX font definitions
)
LaTeX Font Info:    Font shape `OMS/cmr/m/n' in size <10.95> not available
(Font)              Font shape `OMS/cmsy/m/n' tried instead on input line 9811.

\openout3 = `lhsm4p.ptb'.

\openout3 = `lhsm4p.ptb'.


Underfull \vbox (badness 10000) has occurred while \output is active []

 [101]
Underfull \vbox (badness 10000) has occurred while \output is active []

 [102]
\openout3 = `lhsm4p.ptb'.

\openout3 = `lhsm4p.ptb'.


Underfull \vbox (badness 10000) has occurred while \output is active []

 [103]
[104]
\openout3 = `lhsm4p.ptb'.


Underfull \hbox (badness 10000) in paragraph at lines 10363--10365

 []


Underfull \vbox (badness 10000) has occurred while \output is active []

 [105]
Underfull \vbox (badness 10000) has occurred while \output is active []

 [106]
Underfull \vbox (badness 10000) has occurred while \output is active []

 [107]
Underfull \vbox (badness 10000) has occurred while \output is active []

 [108]
\openout3 = `lhsm4p.ptb'.

\openout3 = `lhsm4p.ptb'.

\openout3 = `lhsm4p.ptb'.


Overfull \vbox (0.2957pt too high) has occurred while \output is active []


[109]
\openout3 = `lhsm4p.ptb'.

\openout3 = `lhsm4p.ptb'.

\openout3 = `lhsm4p.ptb'.

\openout3 = `lhsm4p.ptb'.


Underfull \vbox (badness 10000) has occurred while \output is active []

 [110]
\openout3 = `lhsm4p.ptb'.

\openout3 = `lhsm4p.ptb'.


Underfull \vbox (badness 10000) has occurred while \output is active []

 [111]
Underfull \vbox (badness 10000) has occurred while \output is active []

 [112]
\openout3 = `lhsm4p.ptb'.


[113] [114]
\openout3 = `lhsm4p.ptb'.


Overfull \hbox (0.81165pt too wide) in paragraph at lines 11378--11380
[]\OT1/cmr/m/n/10.95 Now, for one pos-si-ble cy-cle, we can just ap-ply all per
-mu-ta-tions re-sult-ing from $[]$: 
 []

\openout3 = `lhsm4p.ptb'.

\openout3 = `lhsm4p.ptb'.

[115]
Overfull \hbox (25.36967pt too wide) in paragraph at lines 11421--11430
[][] 
 []

\openout3 = `lhsm4p.ptb'.

[116]
\openout3 = `lhsm4p.ptb'.


Underfull \vbox (badness 5147) has occurred while \output is active []

 [117]
\openout3 = `lhsm4p.ptb'.


Underfull \vbox (badness 10000) has occurred while \output is active []

 [118]
\openout3 = `lhsm4p.ptb'.


Underfull \vbox (badness 10000) has occurred while \output is active []

 [119]
\openout3 = `lhsm4p.ptb'.


Underfull \hbox (badness 10000) in paragraph at lines 11891--11929

 []


Underfull \vbox (badness 10000) has occurred while \output is active []

 [120]
Underfull \vbox (badness 10000) has occurred while \output is active []

 [121]
\openout3 = `lhsm4p.ptb'.

\openout3 = `lhsm4p.ptb'.


[122]
\openout3 = `lhsm4p.ptb'.



Package amsmath Warning: Foreign command \atop;
(amsmath)                \frac or \genfrac should be used instead
(amsmath)                 on input line 12205.


Overfull \hbox (19.06975pt too wide) in paragraph at lines 12213--12222
[][] 
 []


Underfull \vbox (badness 10000) has occurred while \output is active []

 [123]
\openout3 = `lhsm4p.ptb'.


[124]
chapter 5.

Underfull \vbox (badness 1509) has occurred while \output is active []

 [125


]
Underfull \vbox (badness 10000) has occurred while \output is active []

 [126]
\openout3 = `lhsm4p.ptb'.


[127]
\openout3 = `lhsm4p.ptb'.


Underfull \vbox (badness 10000) has occurred while \output is active []

 [128]
\openout3 = `lhsm4p.ptb'.

\openout3 = `lhsm4p.ptb'.


Underfull \vbox (badness 10000) has occurred while \output is active []

 [129]
\openout3 = `lhsm4p.ptb'.


Underfull \vbox (badness 10000) has occurred while \output is active []

 [130]
Underfull \vbox (badness 10000) has occurred while \output is active []

 [131]
[132]
Underfull \vbox (badness 10000) has occurred while \output is active []

 [133]
[134] [135] [136]
\openout3 = `lhsm4p.ptb'.


Underfull \vbox (badness 10000) has occurred while \output is active []

 [137]
\openout3 = `lhsm4p.ptb'.


Underfull \vbox (badness 10000) has occurred while \output is active []

 [138]
Underfull \hbox (badness 10000) in paragraph at lines 13523--13525

 []


Underfull \hbox (badness 10000) in paragraph at lines 13536--13538

 []


Underfull \vbox (badness 10000) has occurred while \output is active []

 [139]
\openout3 = `lhsm4p.ptb'.

\openout3 = `lhsm4p.ptb'.


Underfull \vbox (badness 10000) has occurred while \output is active []

 [140]
[141]
\openout3 = `lhsm4p.ptb'.

\openout3 = `lhsm4p.ptb'.


Underfull \vbox (badness 10000) has occurred while \output is active []

 [142]
Underfull \vbox (badness 1546) has occurred while \output is active []

 [143]
[144]
\openout3 = `lhsm4p.ptb'.

\openout3 = `lhsm4p.ptb'.

\openout3 = `lhsm4p.ptb'.

\openout3 = `lhsm4p.ptb'.

\openout3 = `lhsm4p.ptb'.


Underfull \vbox (badness 5189) has occurred while \output is active []

 [145]
\openout3 = `lhsm4p.ptb'.

\openout3 = `lhsm4p.ptb'.


Underfull \vbox (badness 10000) has occurred while \output is active []

 [146]
Underfull \vbox (badness 10000) has occurred while \output is active []

 [147]
[148] [149]
\openout3 = `lhsm4p.ptb'.

 [150]
\openout3 = `lhsm4p.ptb'.


Underfull \vbox (badness 10000) has occurred while \output is active []

 [151]
\openout3 = `lhsm4p.ptb'.

\openout3 = `lhsm4p.ptb'.

\openout3 = `lhsm4p.ptb'.


Underfull \vbox (badness 10000) has occurred while \output is active []

 [152]
\openout3 = `lhsm4p.ptb'.

\openout3 = `lhsm4p.ptb'.


[153]
\openout3 = `lhsm4p.ptb'.

 [154]
Underfull \vbox (badness 6316) has occurred while \output is active []

 [155]
\openout3 = `lhsm4p.ptb'.

\openout3 = `lhsm4p.ptb'.


Underfull \vbox (badness 10000) has occurred while \output is active []

 [156]
Underfull \vbox (badness 10000) has occurred while \output is active []

 [157]
\openout3 = `lhsm4p.ptb'.


[158] [159] [160] [161]
\openout3 = `lhsm4p.ptb'.


Underfull \hbox (badness 10000) in paragraph at lines 15646--15647

 []

\openout3 = `lhsm4p.ptb'.

\openout3 = `lhsm4p.ptb'.


Underfull \hbox (badness 10000) in paragraph at lines 15694--15713

 []

[162]
Underfull \vbox (badness 10000) has occurred while \output is active []

 [163]
\openout3 = `lhsm4p.ptb'.

\openout3 = `lhsm4p.ptb'.

\openout3 = `lhsm4p.ptb'.


Underfull \vbox (badness 10000) has occurred while \output is active []

 [164]
\openout3 = `lhsm4p.ptb'.

\openout3 = `lhsm4p.ptb'.


[165]
\openout3 = `lhsm4p.ptb'.

 [166]
\openout3 = `lhsm4p.ptb'.

\openout3 = `lhsm4p.ptb'.


Underfull \vbox (badness 10000) has occurred while \output is active []

 [167]
\openout3 = `lhsm4p.ptb'.


Overfull \hbox (30.21503pt too wide) in paragraph at lines 16273--16278
[]\OT1/cmr/m/n/10.95 Since we have al-ready seen that all num-bers from 5 on ha
ve 4 as a residue, $[] 4$,
 []

\openout3 = `lhsm4p.ptb'.


Underfull \vbox (badness 10000) has occurred while \output is active []

 [168]
[169] [170] [171] [172]
\openout3 = `lhsm4p.ptb'.

 [173] [174]
\openout3 = `lhsm4p.ptb'.

 [175] [176]
Underfull \vbox (badness 1354) has occurred while \output is active []

 [177]
[178]
\openout3 = `lhsm4p.ptb'.

\openout3 = `lhsm4p.ptb'.


Underfull \vbox (badness 10000) has occurred while \output is active []

 [179]
\openout3 = `lhsm4p.ptb'.


Underfull \vbox (badness 10000) has occurred while \output is active []

 [180]
[181] [182]
\openout3 = `lhsm4p.ptb'.


Underfull \vbox (badness 10000) has occurred while \output is active []

 [183]
\openout3 = `lhsm4p.ptb'.


Overfull \hbox (9.34274pt too wide) in paragraph at lines 17565--17568
[]\OT1/cmr/m/n/10.95 These are 16 safe primes greater than 59 listed with $[] [
] ([] (\U/msa/m/n/10.95 6 []\OT1/cmr/m/n/10.95 ) [])$: 
 []

[184]
\openout3 = `lhsm4p.ptb'.

 [185]
\openout3 = `lhsm4p.ptb'.


Underfull \vbox (badness 10000) has occurred while \output is active []

 [186]
[187] [188]
\openout3 = `lhsm4p.ptb'.

\openout3 = `lhsm4p.ptb'.


Underfull \vbox (badness 10000) has occurred while \output is active []

 [189]
\openout3 = `lhsm4p.ptb'.


Underfull \hbox (badness 10000) in paragraph at lines 18561--18613

 []

\openout3 = `lhsm4p.ptb'.


Underfull \hbox (badness 10000) in paragraph at lines 18643--18660

 []


Underfull \vbox (badness 10000) has occurred while \output is active []

 [190]
Overfull \hbox (5.75258pt too wide) in paragraph at lines 18680--18681
[]$\OT1/cmr/m/n/10.95 [ (2\OML/cmm/m/it/10.95 ; \OT1/cmr/m/n/10.95 4)\OML/cmm/m
/it/10.95 ; \OT1/cmr/m/n/10.95 (3\OML/cmm/m/it/10.95 ; \OT1/cmr/m/n/10.95 9)\OM
L/cmm/m/it/10.95 ; \OT1/cmr/m/n/10.95 (4\OML/cmm/m/it/10.95 ; \OT1/cmr/m/n/10.9
5 1)\OML/cmm/m/it/10.95 ; \OT1/cmr/m/n/10.95 (5\OML/cmm/m/it/10.95 ; []\OT1/cmr
/m/n/10.95 )\OML/cmm/m/it/10.95 ; \OT1/cmr/m/n/10.95 (6\OML/cmm/m/it/10.95 ; \O
T1/cmr/m/n/10.95 6)\OML/cmm/m/it/10.95 ; \OT1/cmr/m/n/10.95 (7\OML/cmm/m/it/10.
95 ; \OT1/cmr/m/n/10.95 4)\OML/cmm/m/it/10.95 ; \OT1/cmr/m/n/10.95 (8\OML/cmm/m
/it/10.95 ; \OT1/cmr/m/n/10.95 4)\OML/cmm/m/it/10.95 ; \OT1/cmr/m/n/10.95 (9\OM
L/cmm/m/it/10.95 ; \OT1/cmr/m/n/10.95 6)\OML/cmm/m/it/10.95 ; \OT1/cmr/m/n/10.9
5 ([]\OML/cmm/m/it/10.95 ; []\OT1/cmr/m/n/10.95 )\OML/cmm/m/it/10.95 ; \OT1/cmr
/m/n/10.95 ([]\OML/cmm/m/it/10.95 ; \OT1/cmr/m/n/10.95 1)\OML/cmm/m/it/10.95 ; 
\OT1/cmr/m/n/10.95 ([]\OML/cmm/m/it/10.95 ; \OT1/cmr/m/n/10.95 9)\OML/cmm/m/it/
10.95 ; \OT1/cmr/m/n/10.95 ([]\OML/cmm/m/it/10.95 ; \OT1/cmr/m/n/10.95 4)\OML/c
mm/m/it/10.95 ; \OT1/cmr/m/n/10.95 ([]\OML/cmm/m/it/10.95 ; \OT1/cmr/m/n/10.95 
1) ]$. 
 []

\openout3 = `lhsm4p.ptb'.

\openout3 = `lhsm4p.ptb'.


Underfull \vbox (badness 10000) has occurred while \output is active []

 [191]
\openout3 = `lhsm4p.ptb'.


Underfull \vbox (badness 10000) has occurred while \output is active []

 [192]
[193]
\openout3 = `lhsm4p.ptb'.


Underfull \vbox (badness 10000) has occurred while \output is active []

 [194]
[195]
\openout3 = `lhsm4p.ptb'.

\openout3 = `lhsm4p.ptb'.


Underfull \vbox (badness 10000) has occurred while \output is active []

 [196]
\openout3 = `lhsm4p.ptb'.


Underfull \hbox (badness 10000) in paragraph at lines 19344--19383

 []

\openout3 = `lhsm4p.ptb'.


Underfull \vbox (badness 10000) has occurred while \output is active []

 [197]
\openout3 = `lhsm4p.ptb'.


Underfull \hbox (badness 10000) in paragraph at lines 19441--19482

 []


Underfull \vbox (badness 10000) has occurred while \output is active []

 [198]
[199]
\openout3 = `lhsm4p.ptb'.


Underfull \vbox (badness 10000) has occurred while \output is active []

 [200]
\openout3 = `lhsm4p.ptb'.


Underfull \vbox (badness 10000) has occurred while \output is active []

 [201]
\openout3 = `lhsm4p.ptb'.


Underfull \vbox (badness 10000) has occurred while \output is active []

 [202]
\openout3 = `lhsm4p.ptb'.

\openout3 = `lhsm4p.ptb'.

\openout3 = `lhsm4p.ptb'.

\openout3 = `lhsm4p.ptb'.


[203]
\openout3 = `lhsm4p.ptb'.


Underfull \vbox (badness 10000) has occurred while \output is active []

 [204]
Underfull \vbox (badness 10000) has occurred while \output is active []

 [205]
\openout3 = `lhsm4p.ptb'.


[206]
\openout3 = `lhsm4p.ptb'.


Underfull \vbox (badness 10000) has occurred while \output is active []

 [207]
Underfull \vbox (badness 10000) has occurred while \output is active []

 [208]
\openout3 = `lhsm4p.ptb'.


Underfull \vbox (badness 10000) has occurred while \output is active []

 [209]
Underfull \vbox (badness 10000) has occurred while \output is active []

 [210]
[211] [212]
chapter 6.
[213


] [214] [215] [216]
\openout3 = `lhsm4p.ptb'.

 [217]
\openout3 = `lhsm4p.ptb'.

\openout3 = `lhsm4p.ptb'.

\openout3 = `lhsm4p.ptb'.

\openout3 = `lhsm4p.ptb'.

\openout3 = `lhsm4p.ptb'.


Underfull \vbox (badness 10000) has occurred while \output is active []

 [218]
\openout3 = `lhsm4p.ptb'.

\openout3 = `lhsm4p.ptb'.

\openout3 = `lhsm4p.ptb'.

\openout3 = `lhsm4p.ptb'.


Underfull \vbox (badness 10000) has occurred while \output is active []

 [219]
\openout3 = `lhsm4p.ptb'.

\openout3 = `lhsm4p.ptb'.

\openout3 = `lhsm4p.ptb'.

\openout3 = `lhsm4p.ptb'.


Underfull \vbox (badness 10000) has occurred while \output is active []

 [220]
\openout3 = `lhsm4p.ptb'.


Underfull \vbox (badness 10000) has occurred while \output is active []

 [221]
Underfull \vbox (badness 10000) has occurred while \output is active []

 [222]
[223]
\openout3 = `lhsm4p.ptb'.


Underfull \vbox (badness 10000) has occurred while \output is active []

 [224]
Overfull \hbox (14.41966pt too wide) in paragraph at lines 22307--22319
[][] 
 []


Underfull \vbox (badness 10000) has occurred while \output is active []

 [225]
[226] [227] [228]
\openout3 = `lhsm4p.ptb'.

\openout3 = `lhsm4p.ptb'.


Underfull \vbox (badness 3601) has occurred while \output is active []

 [229]
\openout3 = `lhsm4p.ptb'.

\openout3 = `lhsm4p.ptb'.

\openout3 = `lhsm4p.ptb'.


Underfull \vbox (badness 10000) has occurred while \output is active []

 [230]
\openout3 = `lhsm4p.ptb'.

\openout3 = `lhsm4p.ptb'.


Underfull \hbox (badness 10000) in paragraph at lines 22777--22841

 []

\openout3 = `lhsm4p.ptb'.


Underfull \vbox (badness 10000) has occurred while \output is active []

 [231]
\openout3 = `lhsm4p.ptb'.


Underfull \vbox (badness 10000) has occurred while \output is active []

 [232]
\openout3 = `lhsm4p.ptb'.

\openout3 = `lhsm4p.ptb'.


Underfull \vbox (badness 10000) has occurred while \output is active []

 [233]
\openout3 = `lhsm4p.ptb'.

\openout3 = `lhsm4p.ptb'.


Underfull \vbox (badness 10000) has occurred while \output is active []

 [234]
\openout3 = `lhsm4p.ptb'.

\openout3 = `lhsm4p.ptb'.

\openout3 = `lhsm4p.ptb'.

\openout3 = `lhsm4p.ptb'.

\openout3 = `lhsm4p.ptb'.


Underfull \vbox (badness 10000) has occurred while \output is active []

 [235]
\openout3 = `lhsm4p.ptb'.

\openout3 = `lhsm4p.ptb'.


Overfull \hbox (6.88437pt too wide) in paragraph at lines 23373--23440
 $[][][][][][][][][][][][][][][][][][][][][][][][][][][][][][][][][][][][][][][
][][][][][][][][][][][][][][][][][][][][][][][][][][][][][][][][][][][] 
 []


Overfull \hbox (6.88437pt too wide) in paragraph at lines 23373--23440
 [][][][][][][][][][][][][] 
 []


Overfull \hbox (6.88437pt too wide) in paragraph at lines 23373--23440
 [][][][][][][][][][] 
 []


Overfull \hbox (6.88437pt too wide) in paragraph at lines 23373--23440
 [][][][] 
 []


Overfull \hbox (6.88437pt too wide) in paragraph at lines 23373--23440
 [][][][][][][][][][] 
 []


Overfull \hbox (6.88437pt too wide) in paragraph at lines 23373--23440
 [][][][][][][] 
 []


Overfull \hbox (6.88437pt too wide) in paragraph at lines 23373--23440
 [][][][][][][][][][][][][] 
 []


Overfull \hbox (6.88437pt too wide) in paragraph at lines 23373--23440
 [][][][][][][] 
 []


Overfull \hbox (6.88437pt too wide) in paragraph at lines 23373--23440
 [][][][] 
 []


Overfull \hbox (6.88437pt too wide) in paragraph at lines 23373--23440
 [][][][][][][] 
 []


Overfull \hbox (6.88437pt too wide) in paragraph at lines 23373--23440
 [][][][][][][] 
 []


Overfull \hbox (6.88437pt too wide) in paragraph at lines 23373--23440
 [][][][][][][][][][] 
 []


Overfull \hbox (6.88437pt too wide) in paragraph at lines 23373--23440
 [][][][][][][] 
 []


Overfull \hbox (6.88437pt too wide) in paragraph at lines 23373--23440
 [][][][][][][] 
 []


Overfull \hbox (6.88437pt too wide) in paragraph at lines 23373--23440
 [][][][][][][][][]$ 
 []


Underfull \vbox (badness 10000) has occurred while \output is active []

 [236]
\openout3 = `lhsm4p.ptb'.

\openout3 = `lhsm4p.ptb'.

\openout3 = `lhsm4p.ptb'.


[237] [238] [239] [240] [241] [242] [243] [244] [245] [246] [247] [248]
\openout3 = `lhsm4p.ptb'.

\openout3 = `lhsm4p.ptb'.


[249]
\openout3 = `lhsm4p.ptb'.

\openout3 = `lhsm4p.ptb'.


Underfull \vbox (badness 10000) has occurred while \output is active []

 [250]
\openout3 = `lhsm4p.ptb'.


[251] [252]
\openout3 = `lhsm4p.ptb'.


Underfull \hbox (badness 10000) in paragraph at lines 24781--24875

 []

[253] [254] [255] [256] [257] [258]
Underfull \vbox (badness 10000) has occurred while \output is active []

 [259]
[260] [261] [262] [263] [264]
\openout3 = `lhsm4p.ptb'.

 [265]
\openout3 = `lhsm4p.ptb'.

\openout3 = `lhsm4p.ptb'.


Underfull \vbox (badness 10000) has occurred while \output is active []

 [266]
[267]
\openout3 = `lhsm4p.ptb'.

\openout3 = `lhsm4p.ptb'.

\openout3 = `lhsm4p.ptb'.

 [268]
\openout3 = `lhsm4p.ptb'.


Overfull \hbox (2.71973pt too wide) in paragraph at lines 26207--26211
[][] 
 []

[269] [270]
\openout3 = `lhsm4p.ptb'.

 [271] [272]
\openout3 = `lhsm4p.ptb'.

\openout3 = `lhsm4p.ptb'.

 [273]
\openout3 = `lhsm4p.ptb'.

\openout3 = `lhsm4p.ptb'.

 [274] [275]
\openout3 = `lhsm4p.ptb'.

 [276] [277]
\openout3 = `lhsm4p.ptb'.


Overfull \hbox (2.53668pt too wide) in paragraph at lines 27081--27092
\OT1/cmr/m/n/10.95 since $\OML/cmm/m/it/10.95 '\OT1/cmr/m/n/10.95 (8) = 4$, and
 $\OML/cmm/m/it/10.95 ^^U\OT1/cmr/m/n/10.95 (8) = 2$. We gen-er-ate the groups 
with $[] ([] 8) ([] 8)$
 []

\openout3 = `lhsm4p.ptb'.

\openout3 = `lhsm4p.ptb'.


Underfull \vbox (badness 10000) has occurred while \output is active []

 [278]
Underfull \vbox (badness 10000) has occurred while \output is active []

 [279]
[280] [281] [282]
\openout3 = `lhsm4p.ptb'.

 [283] [284]
\openout3 = `lhsm4p.ptb'.


Underfull \vbox (badness 10000) has occurred while \output is active []

 [285]
[286] [287]
\openout3 = `lhsm4p.ptb'.

\openout3 = `lhsm4p.ptb'.

\openout3 = `lhsm4p.ptb'.


Underfull \vbox (badness 10000) has occurred while \output is active []

 [288]
\openout3 = `lhsm4p.ptb'.


Underfull \vbox (badness 10000) has occurred while \output is active []

 [289]
Underfull \vbox (badness 10000) has occurred while \output is active []

 [290]
\openout3 = `lhsm4p.ptb'.

\openout3 = `lhsm4p.ptb'.

\openout3 = `lhsm4p.ptb'.


Underfull \vbox (badness 10000) has occurred while \output is active []

 [291]
\openout3 = `lhsm4p.ptb'.

\openout3 = `lhsm4p.ptb'.


[292]
Underfull \vbox (badness 10000) has occurred while \output is active []

 [293]
Underfull \vbox (badness 10000) has occurred while \output is active []

 [294]
Underfull \vbox (badness 10000) has occurred while \output is active []

 [295]
\openout3 = `lhsm4p.ptb'.

\openout3 = `lhsm4p.ptb'.

\openout3 = `lhsm4p.ptb'.

\openout3 = `lhsm4p.ptb'.


Underfull \vbox (badness 2343) has occurred while \output is active []

 [296]
[297] [298


]
chapter 7.
[299]
\openout3 = `lhsm4p.ptb'.


Underfull \vbox (badness 10000) has occurred while \output is active []

 [300]
[301] [302]
\openout3 = `lhsm4p.ptb'.

\openout3 = `lhsm4p.ptb'.

 [303] [304]
\openout3 = `lhsm4p.ptb'.

 [305]
\openout3 = `lhsm4p.ptb'.

\openout3 = `lhsm4p.ptb'.

 [306] [307] [308]
\openout3 = `lhsm4p.ptb'.

\openout3 = `lhsm4p.ptb'.

\openout3 = `lhsm4p.ptb'.

 [309]
\openout3 = `lhsm4p.ptb'.

 [310]
\openout3 = `lhsm4p.ptb'.

\openout3 = `lhsm4p.ptb'.


NOTE: coordinate (0Y0.0e0],3Y0.0e0]) has been dropped because it is unbounded (
in y). (see also unbounded coords=jump). 

Underfull \vbox (badness 10000) has occurred while \output is active []

 [311]
\openout3 = `lhsm4p.ptb'.


[312]
\openout3 = `lhsm4p.ptb'.

 [313]
\openout3 = `lhsm4p.ptb'.

\openout3 = `lhsm4p.ptb'.

\openout3 = `lhsm4p.ptb'.

\openout3 = `lhsm4p.ptb'.


Underfull \vbox (badness 10000) has occurred while \output is active []

 [314]
\openout3 = `lhsm4p.ptb'.


[315] [316]
\openout3 = `lhsm4p.ptb'.


Underfull \vbox (badness 10000) has occurred while \output is active []

 [317]
\openout3 = `lhsm4p.ptb'.

\openout3 = `lhsm4p.ptb'.

\openout3 = `lhsm4p.ptb'.

\openout3 = `lhsm4p.ptb'.

\openout3 = `lhsm4p.ptb'.


Underfull \vbox (badness 5862) has occurred while \output is active []

 [318]
\openout3 = `lhsm4p.ptb'.

\openout3 = `lhsm4p.ptb'.


Overfull \hbox (15.67502pt too wide) in paragraph at lines 31191--31267
 $[][][][][][][][][][][][][][][][][][][][][][][][][][][][][][][][][][][][][][][
][][][][][][][][][][][][][][][][][][][][][][][][][][][][][][][][][][][][][][][]
[][][][][][][][][][][][][][][][][][][][] 
 []


Overfull \hbox (15.67502pt too wide) in paragraph at lines 31191--31267
 [][][][][][][][][][][][][][][][] 
 []


Overfull \hbox (15.67502pt too wide) in paragraph at lines 31191--31267
 [][][][][][][][][][][][][] 
 []


Overfull \hbox (15.67502pt too wide) in paragraph at lines 31191--31267
 [][][][][][][][][][] 
 []


Overfull \hbox (15.67502pt too wide) in paragraph at lines 31191--31267
 [][][][][][][][][][][][][] 
 []


Overfull \hbox (15.67502pt too wide) in paragraph at lines 31191--31267
 [][][][][][][][][][] 
 []


Overfull \hbox (15.67502pt too wide) in paragraph at lines 31191--31267
 [][][][][][][][][][] 
 []


Overfull \hbox (15.67502pt too wide) in paragraph at lines 31191--31267
 [][][][][][][][][][][][][] 
 []


Overfull \hbox (15.67502pt too wide) in paragraph at lines 31191--31267
 [][][][][][][][][][] 
 []


Overfull \hbox (15.67502pt too wide) in paragraph at lines 31191--31267
 [][][][][][][] 
 []


Overfull \hbox (15.67502pt too wide) in paragraph at lines 31191--31267
 [][][][][][][][][][][][][] 
 []


Overfull \hbox (15.67502pt too wide) in paragraph at lines 31191--31267
 [][][][][][][][][][][][][] 
 []


Overfull \hbox (15.67502pt too wide) in paragraph at lines 31191--31267
 [][][][][][][][][][][][][] 
 []


Overfull \hbox (15.67502pt too wide) in paragraph at lines 31191--31267
 [][][][][][][][][]$ 
 []

\openout3 = `lhsm4p.ptb'.


Underfull \vbox (badness 10000) has occurred while \output is active []

 [319]
\openout3 = `lhsm4p.ptb'.


Underfull \vbox (badness 10000) has occurred while \output is active []

 [320]
\openout3 = `lhsm4p.ptb'.

\openout3 = `lhsm4p.ptb'.

\openout3 = `lhsm4p.ptb'.

\openout3 = `lhsm4p.ptb'.

\openout3 = `lhsm4p.ptb'.


Underfull \vbox (badness 10000) has occurred while \output is active []

 [321]
\openout3 = `lhsm4p.ptb'.


Underfull \vbox (badness 10000) has occurred while \output is active []

 [322]
\openout3 = `lhsm4p.ptb'.


[323]
\openout3 = `lhsm4p.ptb'.

 [324] [325]
\openout3 = `lhsm4p.ptb'.


Underfull \hbox (badness 10000) in paragraph at lines 32013--32017

 []


Underfull \vbox (badness 4341) has occurred while \output is active []

 [326]
\openout3 = `lhsm4p.ptb'.


[327]
\openout3 = `lhsm4p.ptb'.


Underfull \vbox (badness 10000) has occurred while \output is active []

 [328]
\openout3 = `lhsm4p.ptb'.


Underfull \vbox (badness 1484) has occurred while \output is active []

 [329]
Overfull \hbox (1.38446pt too wide) in paragraph at lines 32298--32301
[]\OT1/cmr/m/n/10.95 Here, $[]$ is a func-tion to cre-ate the mul-ti-plica-tive
 in-verse of a frac-tion, \OT1/cmr/m/it/10.95 i.e. $\OML/cmm/m/it/10.95 invert\
OT1/cmr/m/n/10.95 ([]) =
 []

\openout3 = `lhsm4p.ptb'.

\openout3 = `lhsm4p.ptb'.

[330]
\openout3 = `lhsm4p.ptb'.

\openout3 = `lhsm4p.ptb'.


Underfull \vbox (badness 10000) has occurred while \output is active []

 [331]
\openout3 = `lhsm4p.ptb'.


[332] [333]
\openout3 = `lhsm4p.ptb'.

\openout3 = `lhsm4p.ptb'.

\openout3 = `lhsm4p.ptb'.

\openout3 = `lhsm4p.ptb'.

\openout3 = `lhsm4p.ptb'.


Underfull \vbox (badness 10000) has occurred while \output is active []

 [334]
\openout3 = `lhsm4p.ptb'.

\openout3 = `lhsm4p.ptb'.

\openout3 = `lhsm4p.ptb'.


[335] [336]
\openout3 = `lhsm4p.ptb'.

\openout3 = `lhsm4p.ptb'.


Underfull \vbox (badness 10000) has occurred while \output is active []

 [337]
[338] [339] [340] [341] [342] [343] [344]
\openout3 = `lhsm4p.ptb'.

\openout3 = `lhsm4p.ptb'.

 [345]
\openout3 = `lhsm4p.ptb'.

\openout3 = `lhsm4p.ptb'.

 [346]
\openout3 = `lhsm4p.ptb'.

\openout3 = `lhsm4p.ptb'.

\openout3 = `lhsm4p.ptb'.

\openout3 = `lhsm4p.ptb'.

\openout3 = `lhsm4p.ptb'.


Underfull \vbox (badness 10000) has occurred while \output is active []

 [347]
\openout3 = `lhsm4p.ptb'.

\openout3 = `lhsm4p.ptb'.


Underfull \vbox (badness 10000) has occurred while \output is active []

 [348]
Underfull \vbox (badness 10000) has occurred while \output is active []

 [349]
\openout3 = `lhsm4p.ptb'.

\openout3 = `lhsm4p.ptb'.


Underfull \vbox (badness 1888) has occurred while \output is active []

 [350]
[351] [352]
\openout3 = `lhsm4p.ptb'.

 [353] [354] [355] [356] [357] [358] [359] [360] [361]
Underfull \vbox (badness 10000) has occurred while \output is active []

 [362]
(/usr/share/texlive/texmf-dist/tex/latex/ucs/data/uni-1.def
File: uni-1.def 2013/05/13 UCS: Unicode data U+0100..U+01FF
)
Underfull \vbox (badness 10000) has occurred while \output is active []

 [363]
[364] [365] [366]
part II.
Package scrkbase Info: You've told me to use the font selection of the element
(scrkbase)             `partprefix' that is an alias of element `partnumber'
(scrkbase)              on input line 35653.
[367


] [368]
chapter 8.
[369


] [370] [371]
\openout3 = `lhsm4p.ptb'.

\openout3 = `lhsm4p.ptb'.


Underfull \vbox (badness 10000) has occurred while \output is active []

 [372]
\openout3 = `lhsm4p.ptb'.

\openout3 = `lhsm4p.ptb'.


Underfull \vbox (badness 10000) has occurred while \output is active []

 [373]
Underfull \vbox (badness 3623) has occurred while \output is active []

 [374]
\openout3 = `lhsm4p.ptb'.

\openout3 = `lhsm4p.ptb'.


Underfull \vbox (badness 10000) has occurred while \output is active []

 [375]
\openout3 = `lhsm4p.ptb'.

\openout3 = `lhsm4p.ptb'.

\openout3 = `lhsm4p.ptb'.


Underfull \vbox (badness 2443) has occurred while \output is active []

 [376]
\openout3 = `lhsm4p.ptb'.

\openout3 = `lhsm4p.ptb'.


[377]
Overfull \hbox (7.66925pt too wide) in paragraph at lines 36492--36496
[]\OT1/cmr/m/n/10.95 What would we get ap-ply-ing this for-mula on the poly-no-
mi-als, say, $[ 1\OML/cmm/m/it/10.95 ; \OT1/cmr/m/n/10.95 2\OML/cmm/m/it/10.95 
; \OT1/cmr/m/n/10.95 3\OML/cmm/m/it/10.95 ; \OT1/cmr/m/n/10.95 4 ]$ and $[ 5\OM
L/cmm/m/it/10.95 ; \OT1/cmr/m/n/10.95 6\OML/cmm/m/it/10.95 ; \OT1/cmr/m/n/10.95
 7\OML/cmm/m/it/10.95 ; \OT1/cmr/m/n/10.95 8 ]$?
 []

\openout3 = `lhsm4p.ptb'.

\openout3 = `lhsm4p.ptb'.


Underfull \vbox (badness 10000) has occurred while \output is active []

 [378]
Underfull \vbox (badness 10000) has occurred while \output is active []

 [379]
[380]
\openout3 = `lhsm4p.ptb'.

 [381]
\openout3 = `lhsm4p.ptb'.

\openout3 = `lhsm4p.ptb'.

\openout3 = `lhsm4p.ptb'.

\openout3 = `lhsm4p.ptb'.

 [382]
\openout3 = `lhsm4p.ptb'.

\openout3 = `lhsm4p.ptb'.

\openout3 = `lhsm4p.ptb'.

\openout3 = `lhsm4p.ptb'.


Underfull \vbox (badness 10000) has occurred while \output is active []

 [383]
\openout3 = `lhsm4p.ptb'.

\openout3 = `lhsm4p.ptb'.

\openout3 = `lhsm4p.ptb'.


Underfull \vbox (badness 10000) has occurred while \output is active []

 [384]
\openout3 = `lhsm4p.ptb'.

\openout3 = `lhsm4p.ptb'.


Underfull \vbox (badness 10000) has occurred while \output is active []

 [385]
\openout3 = `lhsm4p.ptb'.

\openout3 = `lhsm4p.ptb'.

\openout3 = `lhsm4p.ptb'.

\openout3 = `lhsm4p.ptb'.


Underfull \vbox (badness 10000) has occurred while \output is active []

 [386]
\openout3 = `lhsm4p.ptb'.


[387]
\openout3 = `lhsm4p.ptb'.


Underfull \vbox (badness 10000) has occurred while \output is active []

 [388]
[389]
\openout3 = `lhsm4p.ptb'.

\openout3 = `lhsm4p.ptb'.


Underfull \vbox (badness 10000) has occurred while \output is active []

 [390]
\openout3 = `lhsm4p.ptb'.


Underfull \vbox (badness 10000) has occurred while \output is active []

 [391]
\openout3 = `lhsm4p.ptb'.


[392]
\openout3 = `lhsm4p.ptb'.


Underfull \vbox (badness 10000) has occurred while \output is active []

 [393]
Overfull \hbox (16.63568pt too wide) in paragraph at lines 38224--38228
[]\OT1/cmr/m/n/10.95 For the se-quence of the un-known poly-no-mial, we ob-tain
 $\OT1/cmr/m/it/10.95 M \OT1/cmr/m/n/10.95 [ [ 1\OML/cmm/m/it/10.95 ; \OT1/cmr/
m/n/10.95 0\OML/cmm/m/it/10.95 ; \OT1/cmr/m/n/10.95 0\OML/cmm/m/it/10.95 ; \OT1
/cmr/m/n/10.95 0\OML/cmm/m/it/10.95 ; \OT1/cmr/m/n/10.95 0\OML/cmm/m/it/10.95 ;
 [] \OT1/cmr/m/n/10.95 ]\OML/cmm/m/it/10.95 ; \OMS/cmsy/m/n/10.95 j \OT1/cmr/m/
n/10.95 [ 1\OML/cmm/m/it/10.95 ; \OT1/cmr/m/n/10.95 1\OML/cmm/m/it/10.95 ; \OT1
/cmr/m/n/10.95 1\OML/cmm/m/it/10.95 ; \OT1/cmr/m/n/10.95 1\OML/cmm/m/it/10.95 ;
 \OT1/cmr/m/n/10.95 1\OML/cmm/m/it/10.95 ; [] \OT1/cmr/m/n/10.95 ]\OML/cmm/m/it
/10.95 ;$
 []

\openout3 = `lhsm4p.ptb'.

[394]
Underfull \vbox (badness 10000) has occurred while \output is active []

 [395]
\openout3 = `lhsm4p.ptb'.


[396]
Overfull \hbox (10.00795pt too wide) in paragraph at lines 38436--38439
[]\OT1/cmr/m/n/10.95 What about the sec-ond deriva-tive? We de-fine $[] [] [] [
] []$ and get $\OT1/cmr/m/it/10.95 P \OT1/cmr/m/n/10.95 [ []\OML/cmm/m/it/10.95
 ; []; [] \OT1/cmr/m/n/10.95 ]$.
 []

[397]
Underfull \vbox (badness 10000) has occurred while \output is active []

 [398]
\openout3 = `lhsm4p.ptb'.


[399]
\openout3 = `lhsm4p.ptb'.


Underfull \vbox (badness 10000) has occurred while \output is active []

 [400]
\openout3 = `lhsm4p.ptb'.


[401]
\openout3 = `lhsm4p.ptb'.

\openout3 = `lhsm4p.ptb'.

\openout3 = `lhsm4p.ptb'.

\openout3 = `lhsm4p.ptb'.


Underfull \vbox (badness 10000) has occurred while \output is active []

 [402]
\openout3 = `lhsm4p.ptb'.


Underfull \vbox (badness 10000) has occurred while \output is active []

 [403]
\openout3 = `lhsm4p.ptb'.


[404] [405] [406]
\openout3 = `lhsm4p.ptb'.

 [407]
\openout3 = `lhsm4p.ptb'.

\openout3 = `lhsm4p.ptb'.

 [408] [409]
\openout3 = `lhsm4p.ptb'.

 [410] [411] [412] [413]
Overfull \hbox (2.0886pt too wide) detected at line 39894
[] [] \OT1/cmr/m/n/10.95 + [] [] + [] + [] []
 []

[414]
\openout3 = `lhsm4p.ptb'.

 [415]
\openout3 = `lhsm4p.ptb'.

\openout3 = `lhsm4p.ptb'.

\openout3 = `lhsm4p.ptb'.


Underfull \vbox (badness 10000) has occurred while \output is active []

 [416]
Underfull \vbox (badness 2027) has occurred while \output is active []

 [417]
Overfull \hbox (47.26964pt too wide) in paragraph at lines 40260--40269
[][] 
 []

[418]
Underfull \vbox (badness 1661) has occurred while \output is active []

 [419]
[420] [421]
\openout3 = `lhsm4p.ptb'.

 [422]
Underfull \hbox (badness 10000) in paragraph at lines 40593--40597

 []

[423]
\openout3 = `lhsm4p.ptb'.


Underfull \vbox (badness 10000) has occurred while \output is active []

 [424]
\openout3 = `lhsm4p.ptb'.


Underfull \vbox (badness 10000) has occurred while \output is active []

 [425]
Underfull \vbox (badness 10000) has occurred while \output is active []

 [426]
\openout3 = `lhsm4p.ptb'.


[427] [428]
\openout3 = `lhsm4p.ptb'.

 [429]
\openout3 = `lhsm4p.ptb'.

\openout3 = `lhsm4p.ptb'.


Underfull \vbox (badness 10000) has occurred while \output is active []

 [430]
\openout3 = `lhsm4p.ptb'.


[431] [432] [433] [434] [435]
\openout3 = `lhsm4p.ptb'.


Underfull \vbox (badness 10000) has occurred while \output is active []

 [436]
Overfull \hbox (6.7068pt too wide) in paragraph at lines 41829--41832
[]\OT1/cmr/m/n/10.95 A sim-pler ex-am-ple that shows the signed-ness of roots a
nd co-ef-fi-cients is $\OML/cmm/m/it/10.95 x[] \OMS/cmsy/m/n/10.95 ^^@ \OT1/cmr
/m/n/10.95 1$. $[] [ 1\OML/cmm/m/it/10.95 ; []\OT1/cmr/m/n/10.95 1 ]$
 []


Underfull \vbox (badness 1205) has occurred while \output is active []

 [437]
[438] [439] [440] [441]
Underfull \vbox (badness 10000) has occurred while \output is active []

 [442]
\openout3 = `lhsm4p.ptb'.


Underfull \vbox (badness 10000) has occurred while \output is active []

 [443]
\openout3 = `lhsm4p.ptb'.

\openout3 = `lhsm4p.ptb'.


[444]
\openout3 = `lhsm4p.ptb'.

\openout3 = `lhsm4p.ptb'.

\openout3 = `lhsm4p.ptb'.


Underfull \vbox (badness 1960) has occurred while \output is active []

 [445]
Underfull \vbox (badness 10000) has occurred while \output is active []

 [446]
\openout3 = `lhsm4p.ptb'.


Overfull \hbox (7.77232pt too wide) in paragraph at lines 42739--42741
[]\OT1/cmr/m/n/10.95 Calling this re-cur-sively and pre-serv-ing the in-ter-me-
di-ate re-sults leads to a \OT1/cmr/m/it/10.95 pseudo-remainder
 []

\openout3 = `lhsm4p.ptb'.


Underfull \vbox (badness 10000) has occurred while \output is active []

 [447]
\openout3 = `lhsm4p.ptb'.

\openout3 = `lhsm4p.ptb'.

\openout3 = `lhsm4p.ptb'.


Underfull \vbox (badness 10000) has occurred while \output is active []

 [448]
\openout3 = `lhsm4p.ptb'.


Underfull \vbox (badness 10000) has occurred while \output is active []

 [449]
[450] [451]
\openout3 = `lhsm4p.ptb'.

\openout3 = `lhsm4p.ptb'.

\openout3 = `lhsm4p.ptb'.


Underfull \vbox (badness 10000) has occurred while \output is active []

 [452]
[453] [454]
Underfull \vbox (badness 10000) has occurred while \output is active []

 [455]
\openout3 = `lhsm4p.ptb'.


Underfull \vbox (badness 2837) has occurred while \output is active []

 [456]
Underfull \hbox (badness 10000) in paragraph at lines 43650--43651

 []


Underfull \vbox (badness 10000) has occurred while \output is active []

 [457]
Underfull \hbox (badness 10000) in paragraph at lines 43670--43671

 []

\openout3 = `lhsm4p.ptb'.

\openout3 = `lhsm4p.ptb'.


Underfull \vbox (badness 10000) has occurred while \output is active []

 [458]
Underfull \vbox (badness 10000) has occurred while \output is active []

 [459]
[460]
\openout3 = `lhsm4p.ptb'.

 [461]
\openout3 = `lhsm4p.ptb'.


Underfull \vbox (badness 10000) has occurred while \output is active []

 [462]
Underfull \vbox (badness 7759) has occurred while \output is active []

 [463]
[464] [465] [466]
\openout3 = `lhsm4p.ptb'.

 [467]
\openout3 = `lhsm4p.ptb'.

\openout3 = `lhsm4p.ptb'.


Underfull \vbox (badness 10000) has occurred while \output is active []

 [468]
[469] [470


]
chapter 9.
[471] [472


]
chapter 10.
[473] [474


]
chapter 11.

Underfull \vbox (badness 1831) has occurred while \output is active []

 [475]
[476] [477] [478]
Underfull \vbox (badness 10000) has occurred while \output is active []

 [479]
[480] [481] [482]
Underfull \vbox (badness 10000) has occurred while \output is active []

 [483]
Underfull \vbox (badness 5771) has occurred while \output is active []

 [484]
[485] [486]
\openout3 = `lhsm4p.ptb'.

 [487]
\openout3 = `lhsm4p.ptb'.

\openout3 = `lhsm4p.ptb'.

\openout3 = `lhsm4p.ptb'.

\openout3 = `lhsm4p.ptb'.

\openout3 = `lhsm4p.ptb'.

 [488]
\openout3 = `lhsm4p.ptb'.

\openout3 = `lhsm4p.ptb'.

 [489]
\openout3 = `lhsm4p.ptb'.

\openout3 = `lhsm4p.ptb'.

\openout3 = `lhsm4p.ptb'.

\openout3 = `lhsm4p.ptb'.


Underfull \vbox (badness 10000) has occurred while \output is active []

 [490]
\openout3 = `lhsm4p.ptb'.

\openout3 = `lhsm4p.ptb'.

\openout3 = `lhsm4p.ptb'.


[491]
\openout3 = `lhsm4p.ptb'.

 [492]
\openout3 = `lhsm4p.ptb'.

 [493] [494] [495]
\openout3 = `lhsm4p.ptb'.

 [496] [497]
\openout3 = `lhsm4p.ptb'.

\openout3 = `lhsm4p.ptb'.

\openout3 = `lhsm4p.ptb'.

\openout3 = `lhsm4p.ptb'.

 [498]
\openout3 = `lhsm4p.ptb'.

\openout3 = `lhsm4p.ptb'.

\openout3 = `lhsm4p.ptb'.

\openout3 = `lhsm4p.ptb'.


Underfull \vbox (badness 10000) has occurred while \output is active []

 [499]
\openout3 = `lhsm4p.ptb'.


Underfull \vbox (badness 10000) has occurred while \output is active []

 [500]
\openout3 = `lhsm4p.ptb'.

\openout3 = `lhsm4p.ptb'.


Underfull \vbox (badness 10000) has occurred while \output is active []

 [501]
[502]
\openout3 = `lhsm4p.ptb'.

\openout3 = `lhsm4p.ptb'.

\openout3 = `lhsm4p.ptb'.


Underfull \vbox (badness 1215) has occurred while \output is active []

 [503]
\openout3 = `lhsm4p.ptb'.

\openout3 = `lhsm4p.ptb'.

\openout3 = `lhsm4p.ptb'.


Underfull \vbox (badness 10000) has occurred while \output is active []

 [504]
\openout3 = `lhsm4p.ptb'.

\openout3 = `lhsm4p.ptb'.


Underfull \vbox (badness 10000) has occurred while \output is active []

 [505]
[506]
\openout3 = `lhsm4p.ptb'.

\openout3 = `lhsm4p.ptb'.

\openout3 = `lhsm4p.ptb'.

\openout3 = `lhsm4p.ptb'.


Underfull \vbox (badness 10000) has occurred while \output is active []

 [507]
\openout3 = `lhsm4p.ptb'.

\openout3 = `lhsm4p.ptb'.


Underfull \vbox (badness 10000) has occurred while \output is active []

 [508]
[509] [510


]
chapter 12.
[511] [512


]
chapter 13.

Underfull \vbox (badness 10000) has occurred while \output is active []

 [513]
Overfull \vbox (102.63477pt too high) has occurred while \output is active []


[514]
chapter 14.
[515


] [516


]
chapter 15.
[517] [518


]
part III.
Package scrkbase Info: You've told me to use the font selection of the element
(scrkbase)             `partprefix' that is an alias of element `partnumber'
(scrkbase)              on input line 48277.
[519] [520]
chapter 16.
[521


] [522


]
chapter 17.
[523] [524


]
chapter 18.
[525] [526


]
chapter 19.
[527] [528


]
chapter 20.
[529] [530


]
chapter 21.
[531] (./lhsm4p.aux) ) 
Here is how much of TeX's memory you used:
 41651 strings out of 492982
 977839 string characters out of 6134895
 1207128 words of memory out of 5000000
 44673 multiletter control sequences out of 15000+600000
 553085 words of font info for 109 fonts, out of 8000000 for 9000
 1141 hyphenation exceptions out of 8191
 69i,17n,103p,10372b,1827s stack positions out of 5000i,500n,10000p,200000b,80000s
</usr/share/texlive/texmf-dist/fonts/type1/public/amsfont
s/cm/cmbx10.pfb></usr/share/texlive/texmf-dist/fonts/type1/public/amsfonts/cm/c
mbx8.pfb></usr/share/texlive/texmf-dist/fonts/type1/public/amsfonts/cm/cmcsc10.
pfb></usr/share/texlive/texmf-dist/fonts/type1/public/amsfonts/cm/cmex10.pfb></
usr/share/texlive/texmf-dist/fonts/type1/public/amsfonts/cm/cmmi10.pfb></usr/sh
are/texlive/texmf-dist/fonts/type1/public/amsfonts/cm/cmmi12.pfb></usr/share/te
xlive/texmf-dist/fonts/type1/public/amsfonts/cm/cmmi5.pfb></usr/share/texlive/t
exmf-dist/fonts/type1/public/amsfonts/cm/cmmi6.pfb></usr/share/texlive/texmf-di
st/fonts/type1/public/amsfonts/cm/cmmi7.pfb></usr/share/texlive/texmf-dist/font
s/type1/public/amsfonts/cm/cmmi8.pfb></usr/share/texlive/texmf-dist/fonts/type1
/public/amsfonts/cm/cmr10.pfb></usr/share/texlive/texmf-dist/fonts/type1/public
/amsfonts/cm/cmr12.pfb></usr/share/texlive/texmf-dist/fonts/type1/public/amsfon
ts/cm/cmr6.pfb></usr/share/texlive/texmf-dist/fonts/type1/public/amsfonts/cm/cm
r7.pfb></usr/share/texlive/texmf-dist/fonts/type1/public/amsfonts/cm/cmr8.pfb><
/usr/share/texlive/texmf-dist/fonts/type1/public/amsfonts/cm/cmr9.pfb></usr/sha
re/texlive/texmf-dist/fonts/type1/public/amsfonts/cm/cmsl10.pfb></usr/share/tex
live/texmf-dist/fonts/type1/public/amsfonts/cm/cmssbx10.pfb></usr/share/texlive
/texmf-dist/fonts/type1/public/amsfonts/cm/cmsy10.pfb></usr/share/texlive/texmf
-dist/fonts/type1/public/amsfonts/cm/cmsy6.pfb></usr/share/texlive/texmf-dist/f
onts/type1/public/amsfonts/cm/cmsy8.pfb></usr/share/texlive/texmf-dist/fonts/ty
pe1/public/amsfonts/cm/cmti10.pfb></usr/share/texlive/texmf-dist/fonts/type1/pu
blic/amsfonts/cm/cmti9.pfb></usr/share/texlive/texmf-dist/fonts/type1/public/am
sfonts/cm/cmtt10.pfb></usr/share/texlive/texmf-dist/fonts/type1/public/amsfonts
/symbols/msam10.pfb></usr/share/texlive/texmf-dist/fonts/type1/public/amsfonts/
symbols/msbm10.pfb>
Output written on lhsm4p.pdf (531 pages, 1785792 bytes).
PDF statistics:
 1824 PDF objects out of 2073 (max. 8388607)
 1252 compressed objects within 13 object streams
 0 named destinations out of 1000 (max. 500000)
 13 words of extra memory for PDF output out of 10000 (max. 10000000)

